18
1				;序号
p1			;PONO
c17122288			;浇次号
1				;浇次分割号
00K6B3L5C3			;路径
00000000000000			;CC要求时刻
0				;钢包早到时间
0				;工序1在设备上的顺序
0	;工序1准备时间
20240826170720	;工序1开始时间
20240826170720	;工序1结束时间
0				;工序2在设备上的顺序
0	;工序2准备时间
20240826170720	;工序2开始时间
20240826173720	;工序2结束时间
0				;工序3在设备上的顺序
15	;工序3准备时间
20240826174720	;工序3开始时间
20240826183220	;工序3结束时间
0				;工序4在设备上的顺序
10	;工序4准备时间
20240826190220	;工序4开始时间
20240826193220	;工序4结束时间
0				;工序5在设备上的顺序
60	;工序5准备时间
20240826194020	;工序5开始时间
20240826203520	;工序5结束时间
2				;序号
p2			;PONO
c17122288			;浇次号
2				;浇次分割号
00K6B3L2C3			;路径
00000000000000			;CC要求时刻
0				;钢包早到时间
4				;工序1在设备上的顺序
0	;工序1准备时间
20240826180720	;工序1开始时间
20240826180720	;工序1结束时间
1				;工序2在设备上的顺序
0	;工序2准备时间
20240826180720	;工序2开始时间
20240826183720	;工序2结束时间
1				;工序3在设备上的顺序
15	;工序3准备时间
20240826184720	;工序3开始时间
20240826193220	;工序3结束时间
0				;工序4在设备上的顺序
10	;工序4准备时间
20240826195720	;工序4开始时间
20240826202720	;工序4结束时间
1				;工序5在设备上的顺序
0	;工序5准备时间
20240826203520	;工序5开始时间
20240826213020	;工序5结束时间
3				;序号
p3			;PONO
c17122288			;浇次号
3				;浇次分割号
00K5B2L4C3			;路径
00000000000000			;CC要求时刻
0				;钢包早到时间
6				;工序1在设备上的顺序
0	;工序1准备时间
20240826190720	;工序1开始时间
20240826190720	;工序1结束时间
2				;工序2在设备上的顺序
0	;工序2准备时间
20240826190720	;工序2开始时间
20240826193720	;工序2结束时间
2				;工序3在设备上的顺序
15	;工序3准备时间
20240826194720	;工序3开始时间
20240826203220	;工序3结束时间
1				;工序4在设备上的顺序
10	;工序4准备时间
20240826205220	;工序4开始时间
20240826212220	;工序4结束时间
2				;工序5在设备上的顺序
0	;工序5准备时间
20240826213020	;工序5开始时间
20240826222520	;工序5结束时间
4				;序号
p4			;PONO
c17122288			;浇次号
4				;浇次分割号
00K5B2L1C3			;路径
00000000000000			;CC要求时刻
0				;钢包早到时间
10				;工序1在设备上的顺序
0	;工序1准备时间
20240826200720	;工序1开始时间
20240826200720	;工序1结束时间
3				;工序2在设备上的顺序
0	;工序2准备时间
20240826200720	;工序2开始时间
20240826203720	;工序2结束时间
3				;工序3在设备上的顺序
15	;工序3准备时间
20240826204720	;工序3开始时间
20240826213220	;工序3结束时间
1				;工序4在设备上的顺序
10	;工序4准备时间
20240826214720	;工序4开始时间
20240826221720	;工序4结束时间
3				;工序5在设备上的顺序
0	;工序5准备时间
20240826222520	;工序5开始时间
20240826232020	;工序5结束时间
5				;序号
p5			;PONO
c17122288			;浇次号
5				;浇次分割号
00K8B1L5C3			;路径
00000000000000			;CC要求时刻
0				;钢包早到时间
12				;工序1在设备上的顺序
0	;工序1准备时间
20240826210720	;工序1开始时间
20240826210720	;工序1结束时间
2				;工序2在设备上的顺序
0	;工序2准备时间
20240826210720	;工序2开始时间
20240826213720	;工序2结束时间
4				;工序3在设备上的顺序
15	;工序3准备时间
20240826214720	;工序3开始时间
20240826223220	;工序3结束时间
2				;工序4在设备上的顺序
10	;工序4准备时间
20240826224220	;工序4开始时间
20240826231220	;工序4结束时间
4				;工序5在设备上的顺序
0	;工序5准备时间
20240826232020	;工序5开始时间
20240827001520	;工序5结束时间
6				;序号
p6			;PONO
c17122288			;浇次号
6				;浇次分割号
00K5B1L1C3			;路径
00000000000000			;CC要求时刻
0				;钢包早到时间
16				;工序1在设备上的顺序
0	;工序1准备时间
20240826220720	;工序1开始时间
20240826220720	;工序1结束时间
5				;工序2在设备上的顺序
0	;工序2准备时间
20240826220720	;工序2开始时间
20240826223720	;工序2结束时间
5				;工序3在设备上的顺序
15	;工序3准备时间
20240826224720	;工序3开始时间
20240826233220	;工序3结束时间
2				;工序4在设备上的顺序
10	;工序4准备时间
20240826233720	;工序4开始时间
20240827000720	;工序4结束时间
5				;工序5在设备上的顺序
0	;工序5准备时间
20240827001520	;工序5开始时间
20240827011020	;工序5结束时间
7				;序号
p7			;PONO
c17121872			;浇次号
1				;浇次分割号
00K5B2R6C2			;路径
00000000000000			;CC要求时刻
0				;钢包早到时间
1				;工序1在设备上的顺序
0	;工序1准备时间
20240826170720	;工序1开始时间
20240826170720	;工序1结束时间
0				;工序2在设备上的顺序
0	;工序2准备时间
20240826170720	;工序2开始时间
20240826173720	;工序2结束时间
0				;工序3在设备上的顺序
15	;工序3准备时间
20240826174720	;工序3开始时间
20240826183220	;工序3结束时间
0				;工序4在设备上的顺序
10	;工序4准备时间
20240826190220	;工序4开始时间
20240826193220	;工序4结束时间
0				;工序5在设备上的顺序
60	;工序5准备时间
20240826194020	;工序5开始时间
20240826203520	;工序5结束时间
8				;序号
p8			;PONO
c17121872			;浇次号
2				;浇次分割号
00K7B1R5C2			;路径
00000000000000			;CC要求时刻
0				;钢包早到时间
3				;工序1在设备上的顺序
0	;工序1准备时间
20240826180720	;工序1开始时间
20240826180720	;工序1结束时间
0				;工序2在设备上的顺序
0	;工序2准备时间
20240826180720	;工序2开始时间
20240826183720	;工序2结束时间
1				;工序3在设备上的顺序
15	;工序3准备时间
20240826184720	;工序3开始时间
20240826193220	;工序3结束时间
0				;工序4在设备上的顺序
10	;工序4准备时间
20240826195720	;工序4开始时间
20240826202720	;工序4结束时间
1				;工序5在设备上的顺序
0	;工序5准备时间
20240826203520	;工序5开始时间
20240826213020	;工序5结束时间
9				;序号
p9			;PONO
c17121872			;浇次号
3				;浇次分割号
00K8B1R3C2			;路径
00000000000000			;CC要求时刻
0				;钢包早到时间
7				;工序1在设备上的顺序
0	;工序1准备时间
20240826190720	;工序1开始时间
20240826190720	;工序1结束时间
1				;工序2在设备上的顺序
0	;工序2准备时间
20240826190720	;工序2开始时间
20240826193720	;工序2结束时间
2				;工序3在设备上的顺序
15	;工序3准备时间
20240826194720	;工序3开始时间
20240826203220	;工序3结束时间
0				;工序4在设备上的顺序
10	;工序4准备时间
20240826205220	;工序4开始时间
20240826212220	;工序4结束时间
2				;工序5在设备上的顺序
0	;工序5准备时间
20240826213020	;工序5开始时间
20240826222520	;工序5结束时间
10				;序号
p10			;PONO
c17121872			;浇次号
4				;浇次分割号
00K6B3R6C2			;路径
00000000000000			;CC要求时刻
0				;钢包早到时间
9				;工序1在设备上的顺序
0	;工序1准备时间
20240826200720	;工序1开始时间
20240826200720	;工序1结束时间
3				;工序2在设备上的顺序
0	;工序2准备时间
20240826200720	;工序2开始时间
20240826203720	;工序2结束时间
3				;工序3在设备上的顺序
15	;工序3准备时间
20240826204720	;工序3开始时间
20240826213220	;工序3结束时间
1				;工序4在设备上的顺序
10	;工序4准备时间
20240826214720	;工序4开始时间
20240826221720	;工序4结束时间
3				;工序5在设备上的顺序
0	;工序5准备时间
20240826222520	;工序5开始时间
20240826232020	;工序5结束时间
11				;序号
p11			;PONO
c17121872			;浇次号
5				;浇次分割号
00K6B3R5C2			;路径
00000000000000			;CC要求时刻
0				;钢包早到时间
13				;工序1在设备上的顺序
0	;工序1准备时间
20240826210720	;工序1开始时间
20240826210720	;工序1结束时间
4				;工序2在设备上的顺序
0	;工序2准备时间
20240826210720	;工序2开始时间
20240826213720	;工序2结束时间
4				;工序3在设备上的顺序
15	;工序3准备时间
20240826214720	;工序3开始时间
20240826223220	;工序3结束时间
1				;工序4在设备上的顺序
10	;工序4准备时间
20240826224220	;工序4开始时间
20240826231220	;工序4结束时间
4				;工序5在设备上的顺序
0	;工序5准备时间
20240826232020	;工序5开始时间
20240827001520	;工序5结束时间
12				;序号
p12			;PONO
c17121872			;浇次号
6				;浇次分割号
00K6B2R3C2			;路径
00000000000000			;CC要求时刻
0				;钢包早到时间
15				;工序1在设备上的顺序
0	;工序1准备时间
20240826220720	;工序1开始时间
20240826220720	;工序1结束时间
5				;工序2在设备上的顺序
0	;工序2准备时间
20240826220720	;工序2开始时间
20240826223720	;工序2结束时间
5				;工序3在设备上的顺序
15	;工序3准备时间
20240826224720	;工序3开始时间
20240826233220	;工序3结束时间
1				;工序4在设备上的顺序
10	;工序4准备时间
20240826233720	;工序4开始时间
20240827000720	;工序4结束时间
5				;工序5在设备上的顺序
0	;工序5准备时间
20240827001520	;工序5开始时间
20240827011020	;工序5结束时间
13				;序号
p13			;PONO
c17121413			;浇次号
1				;浇次分割号
00K8B1L4R4C1			;路径
00000000000000			;CC要求时刻
0				;钢包早到时间
2				;工序1在设备上的顺序
0	;工序1准备时间
20240826170720	;工序1开始时间
20240826170720	;工序1结束时间
0				;工序2在设备上的顺序
0	;工序2准备时间
20240826170720	;工序2开始时间
20240826173720	;工序2结束时间
0				;工序3在设备上的顺序
15	;工序3准备时间
20240826174720	;工序3开始时间
20240826183220	;工序3结束时间
0				;工序4在设备上的顺序
10	;工序4准备时间
20240826190220	;工序4开始时间
20240826193220	;工序4结束时间
0				;工序5在设备上的顺序
10	;工序5准备时间
20240826194220	;工序5开始时间
20240826201220	;工序5结束时间
0				;工序6在设备上的顺序
60	;工序6准备时间
20240826202020	;工序6开始时间
20240826211520	;工序6结束时间
14				;序号
p14			;PONO
c17121413			;浇次号
2				;浇次分割号
00K5B2L1R2C1			;路径
00000000000000			;CC要求时刻
0				;钢包早到时间
5				;工序1在设备上的顺序
0	;工序1准备时间
20240826180720	;工序1开始时间
20240826180720	;工序1结束时间
1				;工序2在设备上的顺序
0	;工序2准备时间
20240826180720	;工序2开始时间
20240826183720	;工序2结束时间
1				;工序3在设备上的顺序
15	;工序3准备时间
20240826184720	;工序3开始时间
20240826193220	;工序3结束时间
0				;工序4在设备上的顺序
10	;工序4准备时间
20240826195720	;工序4开始时间
20240826202720	;工序4结束时间
0				;工序5在设备上的顺序
10	;工序5准备时间
20240826203720	;工序5开始时间
20240826210720	;工序5结束时间
1				;工序6在设备上的顺序
0	;工序6准备时间
20240826211520	;工序6开始时间
20240826221020	;工序6结束时间
15				;序号
p15			;PONO
c17121413			;浇次号
3				;浇次分割号
00K6B3L5R1C1			;路径
00000000000000			;CC要求时刻
0				;钢包早到时间
8				;工序1在设备上的顺序
0	;工序1准备时间
20240826190720	;工序1开始时间
20240826190720	;工序1结束时间
2				;工序2在设备上的顺序
0	;工序2准备时间
20240826190720	;工序2开始时间
20240826193720	;工序2结束时间
2				;工序3在设备上的顺序
15	;工序3准备时间
20240826194720	;工序3开始时间
20240826203220	;工序3结束时间
1				;工序4在设备上的顺序
10	;工序4准备时间
20240826205220	;工序4开始时间
20240826212220	;工序4结束时间
0				;工序5在设备上的顺序
10	;工序5准备时间
20240826213220	;工序5开始时间
20240826220220	;工序5结束时间
2				;工序6在设备上的顺序
0	;工序6准备时间
20240826221020	;工序6开始时间
20240826230520	;工序6结束时间
16				;序号
p16			;PONO
c17121413			;浇次号
4				;浇次分割号
00K7B1L2R4C1			;路径
00000000000000			;CC要求时刻
0				;钢包早到时间
11				;工序1在设备上的顺序
0	;工序1准备时间
20240826200720	;工序1开始时间
20240826200720	;工序1结束时间
1				;工序2在设备上的顺序
0	;工序2准备时间
20240826200720	;工序2开始时间
20240826203720	;工序2结束时间
3				;工序3在设备上的顺序
15	;工序3准备时间
20240826204720	;工序3开始时间
20240826213220	;工序3结束时间
1				;工序4在设备上的顺序
10	;工序4准备时间
20240826214720	;工序4开始时间
20240826221720	;工序4结束时间
1				;工序5在设备上的顺序
10	;工序5准备时间
20240826222720	;工序5开始时间
20240826225720	;工序5结束时间
3				;工序6在设备上的顺序
0	;工序6准备时间
20240826230520	;工序6开始时间
20240827000020	;工序6结束时间
17				;序号
p17			;PONO
c17121413			;浇次号
5				;浇次分割号
00K5B2L4R2C1			;路径
00000000000000			;CC要求时刻
0				;钢包早到时间
14				;工序1在设备上的顺序
0	;工序1准备时间
20240826210720	;工序1开始时间
20240826210720	;工序1结束时间
4				;工序2在设备上的顺序
0	;工序2准备时间
20240826210720	;工序2开始时间
20240826213720	;工序2结束时间
4				;工序3在设备上的顺序
15	;工序3准备时间
20240826214720	;工序3开始时间
20240826223220	;工序3结束时间
2				;工序4在设备上的顺序
10	;工序4准备时间
20240826224220	;工序4开始时间
20240826231220	;工序4结束时间
1				;工序5在设备上的顺序
10	;工序5准备时间
20240826232220	;工序5开始时间
20240826235220	;工序5结束时间
4				;工序6在设备上的顺序
0	;工序6准备时间
20240827000020	;工序6开始时间
20240827005520	;工序6结束时间
18				;序号
p18			;PONO
c17121413			;浇次号
6				;浇次分割号
00K7B3L2R1C1			;路径
00000000000000			;CC要求时刻
0				;钢包早到时间
17				;工序1在设备上的顺序
0	;工序1准备时间
20240826220720	;工序1开始时间
20240826220720	;工序1结束时间
2				;工序2在设备上的顺序
0	;工序2准备时间
20240826220720	;工序2开始时间
20240826223720	;工序2结束时间
5				;工序3在设备上的顺序
15	;工序3准备时间
20240826224720	;工序3开始时间
20240826233220	;工序3结束时间
2				;工序4在设备上的顺序
10	;工序4准备时间
20240826233720	;工序4开始时间
20240827000720	;工序4结束时间
1				;工序5在设备上的顺序
10	;工序5准备时间
20240827001720	;工序5开始时间
20240827004720	;工序5结束时间
5				;工序6在设备上的顺序
0	;工序6准备时间
20240827005520	;工序6开始时间
20240827015020	;工序6结束时间
