18
1				;序号
p1			;PONO
c14310964			;浇次号
1				;浇次分割号
00K5B3L5C3			;路径
00000000000000			;CC要求时刻
0				;钢包早到时间
0				;工序1在设备上的顺序
0	;工序1准备时间
20240805142920	;工序1开始时间
20240805142920	;工序1结束时间
0				;工序2在设备上的顺序
0	;工序2准备时间
20240805142920	;工序2开始时间
20240805145920	;工序2结束时间
0				;工序3在设备上的顺序
15	;工序3准备时间
20240805145920	;工序3开始时间
20240805154420	;工序3结束时间
0				;工序4在设备上的顺序
10	;工序4准备时间
20240805163420	;工序4开始时间
20240805170420	;工序4结束时间
0				;工序5在设备上的顺序
60	;工序5准备时间
20240805170420	;工序5开始时间
20240805175920	;工序5结束时间
2				;序号
p2			;PONO
c14310964			;浇次号
2				;浇次分割号
00K6B2L2C3			;路径
00000000000000			;CC要求时刻
0				;钢包早到时间
4				;工序1在设备上的顺序
0	;工序1准备时间
20240805152920	;工序1开始时间
20240805152920	;工序1结束时间
0				;工序2在设备上的顺序
0	;工序2准备时间
20240805152920	;工序2开始时间
20240805155920	;工序2结束时间
1				;工序3在设备上的顺序
15	;工序3准备时间
20240805155920	;工序3开始时间
20240805164420	;工序3结束时间
0				;工序4在设备上的顺序
10	;工序4准备时间
20240805172920	;工序4开始时间
20240805175920	;工序4结束时间
1				;工序5在设备上的顺序
0	;工序5准备时间
20240805175920	;工序5开始时间
20240805185420	;工序5结束时间
3				;序号
p3			;PONO
c14310964			;浇次号
3				;浇次分割号
00K6B3L5C3			;路径
00000000000000			;CC要求时刻
0				;钢包早到时间
7				;工序1在设备上的顺序
0	;工序1准备时间
20240805162920	;工序1开始时间
20240805162920	;工序1结束时间
1				;工序2在设备上的顺序
0	;工序2准备时间
20240805162920	;工序2开始时间
20240805165920	;工序2结束时间
2				;工序3在设备上的顺序
15	;工序3准备时间
20240805165920	;工序3开始时间
20240805174420	;工序3结束时间
1				;工序4在设备上的顺序
10	;工序4准备时间
20240805182420	;工序4开始时间
20240805185420	;工序4结束时间
2				;工序5在设备上的顺序
0	;工序5准备时间
20240805185420	;工序5开始时间
20240805194920	;工序5结束时间
4				;序号
p4			;PONO
c14310964			;浇次号
4				;浇次分割号
00K5B2L2C3			;路径
00000000000000			;CC要求时刻
0				;钢包早到时间
10				;工序1在设备上的顺序
0	;工序1准备时间
20240805172920	;工序1开始时间
20240805172920	;工序1结束时间
2				;工序2在设备上的顺序
0	;工序2准备时间
20240805172920	;工序2开始时间
20240805175920	;工序2结束时间
3				;工序3在设备上的顺序
15	;工序3准备时间
20240805175920	;工序3开始时间
20240805184420	;工序3结束时间
1				;工序4在设备上的顺序
10	;工序4准备时间
20240805191920	;工序4开始时间
20240805194920	;工序4结束时间
3				;工序5在设备上的顺序
0	;工序5准备时间
20240805194920	;工序5开始时间
20240805204420	;工序5结束时间
5				;序号
p5			;PONO
c14310964			;浇次号
5				;浇次分割号
00K5B3L5C3			;路径
00000000000000			;CC要求时刻
0				;钢包早到时间
12				;工序1在设备上的顺序
0	;工序1准备时间
20240805182920	;工序1开始时间
20240805182920	;工序1结束时间
3				;工序2在设备上的顺序
0	;工序2准备时间
20240805182920	;工序2开始时间
20240805185920	;工序2结束时间
4				;工序3在设备上的顺序
15	;工序3准备时间
20240805185920	;工序3开始时间
20240805194420	;工序3结束时间
2				;工序4在设备上的顺序
10	;工序4准备时间
20240805201420	;工序4开始时间
20240805204420	;工序4结束时间
4				;工序5在设备上的顺序
0	;工序5准备时间
20240805204420	;工序5开始时间
20240805213920	;工序5结束时间
6				;序号
p6			;PONO
c14310964			;浇次号
6				;浇次分割号
00K7B2L2C3			;路径
00000000000000			;CC要求时刻
0				;钢包早到时间
16				;工序1在设备上的顺序
0	;工序1准备时间
20240805192920	;工序1开始时间
20240805192920	;工序1结束时间
4				;工序2在设备上的顺序
0	;工序2准备时间
20240805192920	;工序2开始时间
20240805195920	;工序2结束时间
5				;工序3在设备上的顺序
15	;工序3准备时间
20240805195920	;工序3开始时间
20240805204420	;工序3结束时间
2				;工序4在设备上的顺序
10	;工序4准备时间
20240805210920	;工序4开始时间
20240805213920	;工序4结束时间
5				;工序5在设备上的顺序
0	;工序5准备时间
20240805213920	;工序5开始时间
20240805223420	;工序5结束时间
7				;序号
p7			;PONO
c14310468			;浇次号
1				;浇次分割号
00K7B2R6C2			;路径
00000000000000			;CC要求时刻
0				;钢包早到时间
1				;工序1在设备上的顺序
0	;工序1准备时间
20240805142920	;工序1开始时间
20240805142920	;工序1结束时间
0				;工序2在设备上的顺序
0	;工序2准备时间
20240805142920	;工序2开始时间
20240805145920	;工序2结束时间
0				;工序3在设备上的顺序
15	;工序3准备时间
20240805145920	;工序3开始时间
20240805154420	;工序3结束时间
0				;工序4在设备上的顺序
10	;工序4准备时间
20240805160920	;工序4开始时间
20240805163920	;工序4结束时间
0				;工序5在设备上的顺序
60	;工序5准备时间
20240805163920	;工序5开始时间
20240805173420	;工序5结束时间
8				;序号
p8			;PONO
c14310468			;浇次号
2				;浇次分割号
00K7B3R5C2			;路径
00000000000000			;CC要求时刻
0				;钢包早到时间
3				;工序1在设备上的顺序
0	;工序1准备时间
20240805152920	;工序1开始时间
20240805152920	;工序1结束时间
1				;工序2在设备上的顺序
0	;工序2准备时间
20240805152920	;工序2开始时间
20240805155920	;工序2结束时间
1				;工序3在设备上的顺序
15	;工序3准备时间
20240805155920	;工序3开始时间
20240805164420	;工序3结束时间
0				;工序4在设备上的顺序
10	;工序4准备时间
20240805170420	;工序4开始时间
20240805173420	;工序4结束时间
1				;工序5在设备上的顺序
0	;工序5准备时间
20240805173420	;工序5开始时间
20240805182920	;工序5结束时间
9				;序号
p9			;PONO
c14310468			;浇次号
3				;浇次分割号
00K8B2R1C2			;路径
00000000000000			;CC要求时刻
0				;钢包早到时间
6				;工序1在设备上的顺序
0	;工序1准备时间
20240805162120	;工序1开始时间
20240805162120	;工序1结束时间
1				;工序2在设备上的顺序
0	;工序2准备时间
20240805162120	;工序2开始时间
20240805165120	;工序2结束时间
2				;工序3在设备上的顺序
15	;工序3准备时间
20240805165920	;工序3开始时间
20240805174420	;工序3结束时间
0				;工序4在设备上的顺序
10	;工序4准备时间
20240805175920	;工序4开始时间
20240805182920	;工序4结束时间
2				;工序5在设备上的顺序
0	;工序5准备时间
20240805182920	;工序5开始时间
20240805192420	;工序5结束时间
10				;序号
p10			;PONO
c14310468			;浇次号
4				;浇次分割号
00K8B3R6C2			;路径
00000000000000			;CC要求时刻
0				;钢包早到时间
9				;工序1在设备上的顺序
0	;工序1准备时间
20240805172620	;工序1开始时间
20240805172620	;工序1结束时间
2				;工序2在设备上的顺序
0	;工序2准备时间
20240805172620	;工序2开始时间
20240805175620	;工序2结束时间
3				;工序3在设备上的顺序
15	;工序3准备时间
20240805175920	;工序3开始时间
20240805184420	;工序3结束时间
1				;工序4在设备上的顺序
10	;工序4准备时间
20240805185420	;工序4开始时间
20240805192420	;工序4结束时间
3				;工序5在设备上的顺序
0	;工序5准备时间
20240805192420	;工序5开始时间
20240805201920	;工序5结束时间
11				;序号
p11			;PONO
c14310468			;浇次号
5				;浇次分割号
00K6B2R5C2			;路径
00000000000000			;CC要求时刻
0				;钢包早到时间
13				;工序1在设备上的顺序
0	;工序1准备时间
20240805182920	;工序1开始时间
20240805182920	;工序1结束时间
2				;工序2在设备上的顺序
0	;工序2准备时间
20240805182920	;工序2开始时间
20240805185920	;工序2结束时间
4				;工序3在设备上的顺序
15	;工序3准备时间
20240805185920	;工序3开始时间
20240805194420	;工序3结束时间
1				;工序4在设备上的顺序
10	;工序4准备时间
20240805194920	;工序4开始时间
20240805201920	;工序4结束时间
4				;工序5在设备上的顺序
0	;工序5准备时间
20240805201920	;工序5开始时间
20240805211420	;工序5结束时间
12				;序号
p12			;PONO
c14310468			;浇次号
6				;浇次分割号
00K6B3R1C2			;路径
00000000000000			;CC要求时刻
0				;钢包早到时间
15				;工序1在设备上的顺序
0	;工序1准备时间
20240805192920	;工序1开始时间
20240805192920	;工序1结束时间
3				;工序2在设备上的顺序
0	;工序2准备时间
20240805192920	;工序2开始时间
20240805195920	;工序2结束时间
5				;工序3在设备上的顺序
15	;工序3准备时间
20240805195920	;工序3开始时间
20240805204420	;工序3结束时间
1				;工序4在设备上的顺序
10	;工序4准备时间
20240805204420	;工序4开始时间
20240805211420	;工序4结束时间
5				;工序5在设备上的顺序
0	;工序5准备时间
20240805211420	;工序5开始时间
20240805220920	;工序5结束时间
13				;序号
p13			;PONO
c14305825			;浇次号
1				;浇次分割号
00K8B1L4R4C1			;路径
00000000000000			;CC要求时刻
0				;钢包早到时间
2				;工序1在设备上的顺序
0	;工序1准备时间
20240805142920	;工序1开始时间
20240805142920	;工序1结束时间
0				;工序2在设备上的顺序
0	;工序2准备时间
20240805142920	;工序2开始时间
20240805145920	;工序2结束时间
0				;工序3在设备上的顺序
15	;工序3准备时间
20240805145920	;工序3开始时间
20240805154420	;工序3结束时间
0				;工序4在设备上的顺序
10	;工序4准备时间
20240805160920	;工序4开始时间
20240805163920	;工序4结束时间
0				;工序5在设备上的顺序
10	;工序5准备时间
20240805163920	;工序5开始时间
20240805170920	;工序5结束时间
0				;工序6在设备上的顺序
60	;工序6准备时间
20240805170920	;工序6开始时间
20240805180420	;工序6结束时间
14				;序号
p14			;PONO
c14305825			;浇次号
2				;浇次分割号
00K5B1L1R2C1			;路径
00000000000000			;CC要求时刻
0				;钢包早到时间
5				;工序1在设备上的顺序
0	;工序1准备时间
20240805152920	;工序1开始时间
20240805152920	;工序1结束时间
1				;工序2在设备上的顺序
0	;工序2准备时间
20240805152920	;工序2开始时间
20240805155920	;工序2结束时间
1				;工序3在设备上的顺序
15	;工序3准备时间
20240805155920	;工序3开始时间
20240805164420	;工序3结束时间
0				;工序4在设备上的顺序
10	;工序4准备时间
20240805170420	;工序4开始时间
20240805173420	;工序4结束时间
0				;工序5在设备上的顺序
10	;工序5准备时间
20240805173420	;工序5开始时间
20240805180420	;工序5结束时间
1				;工序6在设备上的顺序
0	;工序6准备时间
20240805180420	;工序6开始时间
20240805185920	;工序6结束时间
15				;序号
p15			;PONO
c14305825			;浇次号
3				;浇次分割号
00K7B1L4R3C1			;路径
00000000000000			;CC要求时刻
0				;钢包早到时间
8				;工序1在设备上的顺序
0	;工序1准备时间
20240805162920	;工序1开始时间
20240805162920	;工序1结束时间
2				;工序2在设备上的顺序
0	;工序2准备时间
20240805162920	;工序2开始时间
20240805165920	;工序2结束时间
2				;工序3在设备上的顺序
15	;工序3准备时间
20240805165920	;工序3开始时间
20240805174420	;工序3结束时间
1				;工序4在设备上的顺序
10	;工序4准备时间
20240805175920	;工序4开始时间
20240805182920	;工序4结束时间
0				;工序5在设备上的顺序
10	;工序5准备时间
20240805182920	;工序5开始时间
20240805185920	;工序5结束时间
2				;工序6在设备上的顺序
0	;工序6准备时间
20240805185920	;工序6开始时间
20240805195420	;工序6结束时间
16				;序号
p16			;PONO
c14305825			;浇次号
4				;浇次分割号
00K7B1L1R4C1			;路径
00000000000000			;CC要求时刻
0				;钢包早到时间
11				;工序1在设备上的顺序
0	;工序1准备时间
20240805172920	;工序1开始时间
20240805172920	;工序1结束时间
3				;工序2在设备上的顺序
0	;工序2准备时间
20240805172920	;工序2开始时间
20240805175920	;工序2结束时间
3				;工序3在设备上的顺序
15	;工序3准备时间
20240805175920	;工序3开始时间
20240805184420	;工序3结束时间
1				;工序4在设备上的顺序
10	;工序4准备时间
20240805185420	;工序4开始时间
20240805192420	;工序4结束时间
1				;工序5在设备上的顺序
10	;工序5准备时间
20240805192420	;工序5开始时间
20240805195420	;工序5结束时间
3				;工序6在设备上的顺序
0	;工序6准备时间
20240805195420	;工序6开始时间
20240805204920	;工序6结束时间
17				;序号
p17			;PONO
c14305825			;浇次号
5				;浇次分割号
00K8B1L4R2C1			;路径
00000000000000			;CC要求时刻
0				;钢包早到时间
14				;工序1在设备上的顺序
0	;工序1准备时间
20240805182920	;工序1开始时间
20240805182920	;工序1结束时间
3				;工序2在设备上的顺序
0	;工序2准备时间
20240805182920	;工序2开始时间
20240805185920	;工序2结束时间
4				;工序3在设备上的顺序
15	;工序3准备时间
20240805185920	;工序3开始时间
20240805194420	;工序3结束时间
2				;工序4在设备上的顺序
10	;工序4准备时间
20240805194920	;工序4开始时间
20240805201920	;工序4结束时间
1				;工序5在设备上的顺序
10	;工序5准备时间
20240805201920	;工序5开始时间
20240805204920	;工序5结束时间
4				;工序6在设备上的顺序
0	;工序6准备时间
20240805204920	;工序6开始时间
20240805214420	;工序6结束时间
18				;序号
p18			;PONO
c14305825			;浇次号
6				;浇次分割号
00K5B1L1R3C1			;路径
00000000000000			;CC要求时刻
0				;钢包早到时间
17				;工序1在设备上的顺序
0	;工序1准备时间
20240805192920	;工序1开始时间
20240805192920	;工序1结束时间
4				;工序2在设备上的顺序
0	;工序2准备时间
20240805192920	;工序2开始时间
20240805195920	;工序2结束时间
5				;工序3在设备上的顺序
15	;工序3准备时间
20240805195920	;工序3开始时间
20240805204420	;工序3结束时间
2				;工序4在设备上的顺序
10	;工序4准备时间
20240805204420	;工序4开始时间
20240805211420	;工序4结束时间
1				;工序5在设备上的顺序
10	;工序5准备时间
20240805211420	;工序5开始时间
20240805214420	;工序5结束时间
5				;工序6在设备上的顺序
0	;工序6准备时间
20240805214420	;工序6开始时间
20240805223920	;工序6结束时间
