19
1				;序号
15166175			;PONO
100			;浇次号
1				;浇次分割号
00K8B3L1R1C1			;路径
0				;钢包早到时间
0				;工序1在设备上的顺序
00000000000000	;工序1开始时间
00000000000000	;工序1结束时间
0				;工序2在设备上的顺序
20250304143500	;工序2开始时间
20250304143500	;工序2结束时间
0				;工序3在设备上的顺序
20250304143500	;工序3开始时间
20250304152300	;工序3结束时间
0				;工序4在设备上的顺序
20250304153300	;工序4开始时间
20250304162700	;工序4结束时间
0				;工序5在设备上的顺序
20250304164200	;工序5开始时间
20250304171700	;工序5结束时间
0				;工序6在设备上的顺序
20250304174200	;工序6开始时间
20250304182900	;工序6结束时间
2				;序号
15166176			;PONO
100			;浇次号
2				;浇次分割号
00K7B2L4R1C1			;路径
0				;钢包早到时间
1				;工序1在设备上的顺序
00000000000000	;工序1开始时间
00000000000000	;工序1结束时间
0				;工序2在设备上的顺序
20250304143500	;工序2开始时间
20250304143500	;工序2结束时间
0				;工序3在设备上的顺序
20250304150500	;工序3开始时间
20250304155300	;工序3结束时间
0				;工序4在设备上的顺序
20250304160300	;工序4开始时间
20250304165700	;工序4结束时间
1				;工序5在设备上的顺序
20250304171700	;工序5开始时间
20250304175200	;工序5结束时间
1				;工序6在设备上的顺序
20250304183200	;工序6开始时间
20250304191900	;工序6结束时间
3				;序号
15166177			;PONO
100			;浇次号
3				;浇次分割号
00K7B1L1R1C1			;路径
0				;钢包早到时间
2				;工序1在设备上的顺序
00000000000000	;工序1开始时间
00000000000000	;工序1结束时间
1				;工序2在设备上的顺序
20250304143500	;工序2开始时间
20250304143500	;工序2结束时间
1				;工序3在设备上的顺序
20250304153800	;工序3开始时间
20250304162600	;工序3结束时间
1				;工序4在设备上的顺序
20250304163600	;工序4开始时间
20250304173000	;工序4结束时间
2				;工序5在设备上的顺序
20250304175200	;工序5开始时间
20250304182700	;工序5结束时间
2				;工序6在设备上的顺序
20250304192200	;工序6开始时间
20250304200900	;工序6结束时间
4				;序号
15166183			;PONO
200			;浇次号
1				;浇次分割号
00K7B3R2C2			;路径
0				;钢包早到时间
3				;工序1在设备上的顺序
00000000000000	;工序1开始时间
00000000000000	;工序1结束时间
2				;工序2在设备上的顺序
20250304143500	;工序2开始时间
20250304143500	;工序2结束时间
3				;工序3在设备上的顺序
20250304160900	;工序3开始时间
20250304170000	;工序3结束时间
0				;工序4在设备上的顺序
20250304171500	;工序4开始时间
20250304175100	;工序4结束时间
0				;工序5在设备上的顺序
20250304181600	;工序5开始时间
20250304190400	;工序5结束时间
5				;序号
15166184			;PONO
200			;浇次号
2				;浇次分割号
00K7B2R2C2			;路径
0				;钢包早到时间
4				;工序1在设备上的顺序
00000000000000	;工序1开始时间
00000000000000	;工序1结束时间
3				;工序2在设备上的顺序
20250304143500	;工序2开始时间
20250304143500	;工序2结束时间
4				;工序3在设备上的顺序
20250304164100	;工序3开始时间
20250304172600	;工序3结束时间
1				;工序4在设备上的顺序
20250304175100	;工序4开始时间
20250304182600	;工序4结束时间
1				;工序5在设备上的顺序
20250304190700	;工序5开始时间
20250304195300	;工序5结束时间
6				;序号
15166185			;PONO
200			;浇次号
3				;浇次分割号
00K8B3R2C2			;路径
0				;钢包早到时间
5				;工序1在设备上的顺序
00000000000000	;工序1开始时间
00000000000000	;工序1结束时间
1				;工序2在设备上的顺序
20250304143500	;工序2开始时间
20250304143500	;工序2结束时间
1				;工序3在设备上的顺序
20250304170000	;工序3开始时间
20250304174900	;工序3结束时间
2				;工序4在设备上的顺序
20250304182600	;工序4开始时间
20250304190300	;工序4结束时间
2				;工序5在设备上的顺序
20250304195600	;工序5开始时间
20250304204300	;工序5结束时间
7				;序号
15166186			;PONO
200			;浇次号
4				;浇次分割号
00K6B2R2C2			;路径
0				;钢包早到时间
6				;工序1在设备上的顺序
00000000000000	;工序1开始时间
00000000000000	;工序1结束时间
0				;工序2在设备上的顺序
20250304143500	;工序2开始时间
20250304143500	;工序2结束时间
1				;工序3在设备上的顺序
20250304173000	;工序3开始时间
20250304181900	;工序3结束时间
3				;工序4在设备上的顺序
20250304190300	;工序4开始时间
20250304194000	;工序4结束时间
3				;工序5在设备上的顺序
20250304204600	;工序5开始时间
20250304213300	;工序5结束时间
8				;序号
15166187			;PONO
200			;浇次号
5				;浇次分割号
00K5B2R2C2			;路径
0				;钢包早到时间
7				;工序1在设备上的顺序
00000000000000	;工序1开始时间
00000000000000	;工序1结束时间
0				;工序2在设备上的顺序
20250304143500	;工序2开始时间
20250304143500	;工序2结束时间
2				;工序3在设备上的顺序
20250304181900	;工序3开始时间
20250304190800	;工序3结束时间
4				;工序4在设备上的顺序
20250304194000	;工序4开始时间
20250304201700	;工序4结束时间
4				;工序5在设备上的顺序
20250304213600	;工序5开始时间
20250304222300	;工序5结束时间
9				;序号
15414716			;PONO
301			;浇次号
1				;浇次分割号
00K6B1R4C3			;路径
0				;钢包早到时间
8				;工序1在设备上的顺序
00000000000000	;工序1开始时间
00000000000000	;工序1结束时间
1				;工序2在设备上的顺序
20250304143500	;工序2开始时间
20250304143500	;工序2结束时间
0				;工序3在设备上的顺序
20250304145000	;工序3开始时间
20250304153600	;工序3结束时间
0				;工序4在设备上的顺序
20250304155800	;工序4开始时间
20250304163700	;工序4结束时间
0				;工序5在设备上的顺序
20250304170200	;工序5开始时间
20250304174400	;工序5结束时间
10				;序号
15414717			;PONO
301			;浇次号
2				;浇次分割号
00K5B3R4C3			;路径
0				;钢包早到时间
9				;工序1在设备上的顺序
00000000000000	;工序1开始时间
00000000000000	;工序1结束时间
1				;工序2在设备上的顺序
20250304143500	;工序2开始时间
20250304143500	;工序2结束时间
2				;工序3在设备上的顺序
20250304152300	;工序3开始时间
20250304160900	;工序3结束时间
1				;工序4在设备上的顺序
20250304163700	;工序4开始时间
20250304171600	;工序4结束时间
1				;工序5在设备上的顺序
20250304174700	;工序5开始时间
20250304182900	;工序5结束时间
11				;序号
15414723			;PONO
301			;浇次号
3				;浇次分割号
00K6B2R4C3			;路径
0				;钢包早到时间
10				;工序1在设备上的顺序
00000000000000	;工序1开始时间
00000000000000	;工序1结束时间
2				;工序2在设备上的顺序
20250304143500	;工序2开始时间
20250304143500	;工序2结束时间
3				;工序3在设备上的顺序
20250304155300	;工序3开始时间
20250304163900	;工序3结束时间
2				;工序4在设备上的顺序
20250304171600	;工序4开始时间
20250304175500	;工序4结束时间
2				;工序5在设备上的顺序
20250304183200	;工序5开始时间
20250304191400	;工序5结束时间
12				;序号
15414724			;PONO
301			;浇次号
4				;浇次分割号
00K6B1R4C3			;路径
0				;钢包早到时间
11				;工序1在设备上的顺序
00000000000000	;工序1开始时间
00000000000000	;工序1结束时间
3				;工序2在设备上的顺序
20250304143500	;工序2开始时间
20250304143500	;工序2结束时间
2				;工序3在设备上的顺序
20250304162600	;工序3开始时间
20250304171200	;工序3结束时间
3				;工序4在设备上的顺序
20250304175500	;工序4开始时间
20250304183400	;工序4结束时间
3				;工序5在设备上的顺序
20250304191700	;工序5开始时间
20250304195900	;工序5结束时间
13				;序号
15414725			;PONO
301			;浇次号
5				;浇次分割号
00K7B1R4C3			;路径
0				;钢包早到时间
12				;工序1在设备上的顺序
00000000000000	;工序1开始时间
00000000000000	;工序1结束时间
4				;工序2在设备上的顺序
20250304143500	;工序2开始时间
20250304143500	;工序2结束时间
3				;工序3在设备上的顺序
20250304171500	;工序3开始时间
20250304180100	;工序3结束时间
4				;工序4在设备上的顺序
20250304183400	;工序4开始时间
20250304191300	;工序4结束时间
4				;工序5在设备上的顺序
20250304200200	;工序5开始时间
20250304204400	;工序5结束时间
14				;序号
15414726			;PONO
301			;浇次号
6				;浇次分割号
00K7B3R4C3			;路径
0				;钢包早到时间
13				;工序1在设备上的顺序
00000000000000	;工序1开始时间
00000000000000	;工序1结束时间
5				;工序2在设备上的顺序
20250304143500	;工序2开始时间
20250304143500	;工序2结束时间
4				;工序3在设备上的顺序
20250304174900	;工序3开始时间
20250304183500	;工序3结束时间
5				;工序4在设备上的顺序
20250304191300	;工序4开始时间
20250304195200	;工序4结束时间
5				;工序5在设备上的顺序
20250304204700	;工序5开始时间
20250304212900	;工序5结束时间
15				;序号
15414727			;PONO
301			;浇次号
7				;浇次分割号
00K6B1R4C3			;路径
0				;钢包早到时间
14				;工序1在设备上的顺序
00000000000000	;工序1开始时间
00000000000000	;工序1结束时间
4				;工序2在设备上的顺序
20250304143500	;工序2开始时间
20250304143500	;工序2结束时间
4				;工序3在设备上的顺序
20250304180400	;工序3开始时间
20250304185000	;工序3结束时间
10				;工序4在设备上的顺序
20250304202800	;工序4开始时间
20250304210700	;工序4结束时间
6				;工序5在设备上的顺序
20250304213200	;工序5开始时间
20250304221400	;工序5结束时间
16				;序号
15414728			;PONO
301			;浇次号
8				;浇次分割号
00K6B3R4C3			;路径
0				;钢包早到时间
15				;工序1在设备上的顺序
00000000000000	;工序1开始时间
00000000000000	;工序1结束时间
5				;工序2在设备上的顺序
20250304143500	;工序2开始时间
20250304143500	;工序2结束时间
6				;工序3在设备上的顺序
20250304192300	;工序3开始时间
20250304201100	;工序3结束时间
6				;工序4在设备上的顺序
20250304210700	;工序4开始时间
20250304214300	;工序4结束时间
7				;工序5在设备上的顺序
20250304221700	;工序5开始时间
20250304230000	;工序5结束时间
17				;序号
15414729			;PONO
301			;浇次号
9				;浇次分割号
00K5B1R4C3			;路径
0				;钢包早到时间
16				;工序1在设备上的顺序
00000000000000	;工序1开始时间
00000000000000	;工序1结束时间
2				;工序2在设备上的顺序
20250304143500	;工序2开始时间
20250304143500	;工序2结束时间
5				;工序3在设备上的顺序
20250304185000	;工序3开始时间
20250304193800	;工序3结束时间
7				;工序4在设备上的顺序
20250304214300	;工序4开始时间
20250304221900	;工序4结束时间
8				;工序5在设备上的顺序
20250304230300	;工序5开始时间
20250304234600	;工序5结束时间
18				;序号
15414730			;PONO
301			;浇次号
10				;浇次分割号
00K8B2R4C3			;路径
0				;钢包早到时间
17				;工序1在设备上的顺序
00000000000000	;工序1开始时间
00000000000000	;工序1结束时间
2				;工序2在设备上的顺序
20250304143500	;工序2开始时间
20250304143500	;工序2结束时间
5				;工序3在设备上的顺序
20250304190800	;工序3开始时间
20250304195600	;工序3结束时间
8				;工序4在设备上的顺序
20250304221900	;工序4开始时间
20250304225500	;工序4结束时间
9				;工序5在设备上的顺序
20250304234900	;工序5开始时间
20250305003200	;工序5结束时间
19				;序号
15414731			;PONO
301			;浇次号
11				;浇次分割号
00K8B3R4C3			;路径
0				;钢包早到时间
18				;工序1在设备上的顺序
00000000000000	;工序1开始时间
00000000000000	;工序1结束时间
3				;工序2在设备上的顺序
20250304143500	;工序2开始时间
20250304143500	;工序2结束时间
5				;工序3在设备上的顺序
20250304183500	;工序3开始时间
20250304192300	;工序3结束时间
9				;工序4在设备上的顺序
20250304195200	;工序4开始时间
20250304202800	;工序4结束时间
10				;工序5在设备上的顺序
20250305003500	;工序5开始时间
20250305011800	;工序5结束时间
