49
1				;序号
15166152			;PONO
000			;浇次号
2				;浇次分割号
00K5B1L1R1C1			;路径
0				;钢包早到时间
0				;工序1在设备上的顺序
20250304122500	;工序1开始时间
20250304122500	;工序1结束时间
4				;工序2在设备上的顺序
20250304122500	;工序2开始时间
20250304122500	;工序2结束时间
1				;工序3在设备上的顺序
20250304134300	;工序3开始时间
20250304143000	;工序3结束时间
1				;工序4在设备上的顺序
20250304144000	;工序4开始时间
20250304153100	;工序4结束时间
1				;工序5在设备上的顺序
20250304155000	;工序5开始时间
20250304163100	;工序5结束时间
0				;工序6在设备上的顺序
20250304161500	;工序6开始时间
20250304165800	;工序6结束时间
2				;序号
15166153			;PONO
000			;浇次号
3				;浇次分割号
00K5B2L1R1C1			;路径
0				;钢包早到时间
1				;工序1在设备上的顺序
20250304122500	;工序1开始时间
20250304122500	;工序1结束时间
8				;工序2在设备上的顺序
20250304122500	;工序2开始时间
20250304122500	;工序2结束时间
2				;工序3在设备上的顺序
20250304144800	;工序3开始时间
20250304153500	;工序3结束时间
3				;工序4在设备上的顺序
20250304154500	;工序4开始时间
20250304163600	;工序4结束时间
3				;工序5在设备上的顺序
20250304165500	;工序5开始时间
20250304173600	;工序5结束时间
1				;工序6在设备上的顺序
20250304170000	;工序6开始时间
20250304174300	;工序6结束时间
3				;序号
15166144			;PONO
001			;浇次号
1				;浇次分割号
00K5B3L1R1C1			;路径
0				;钢包早到时间
2				;工序1在设备上的顺序
20250304122500	;工序1开始时间
20250304122500	;工序1结束时间
3				;工序2在设备上的顺序
20250304122500	;工序2开始时间
20250304122500	;工序2结束时间
1				;工序3在设备上的顺序
20250304132300	;工序3开始时间
20250304141500	;工序3结束时间
0				;工序4在设备上的顺序
20250304142500	;工序4开始时间
20250304153000	;工序4结束时间
0				;工序5在设备上的顺序
20250304154500	;工序5开始时间
20250304162000	;工序5结束时间
2				;工序6在设备上的顺序
20250304184500	;工序6开始时间
20250304192800	;工序6结束时间
4				;序号
15166145			;PONO
001			;浇次号
2				;浇次分割号
00K5B1L1R1C1			;路径
0				;钢包早到时间
3				;工序1在设备上的顺序
20250304122500	;工序1开始时间
20250304122500	;工序1结束时间
7				;工序2在设备上的顺序
20250304122500	;工序2开始时间
20250304122500	;工序2结束时间
2				;工序3在设备上的顺序
20250304142800	;工序3开始时间
20250304152000	;工序3结束时间
2				;工序4在设备上的顺序
20250304153000	;工序4开始时间
20250304163500	;工序4结束时间
2				;工序5在设备上的顺序
20250304165000	;工序5开始时间
20250304172500	;工序5结束时间
3				;工序6在设备上的顺序
20250304193000	;工序6开始时间
20250304201200	;工序6结束时间
5				;序号
15166146			;PONO
001			;浇次号
3				;浇次分割号
00K5B3L1R1C1			;路径
0				;钢包早到时间
4				;工序1在设备上的顺序
20250304122500	;工序1开始时间
20250304122500	;工序1结束时间
12				;工序2在设备上的顺序
20250304122500	;工序2开始时间
20250304122500	;工序2结束时间
4				;工序3在设备上的顺序
20250304155300	;工序3开始时间
20250304164500	;工序3结束时间
4				;工序4在设备上的顺序
20250304165500	;工序4开始时间
20250304174600	;工序4结束时间
4				;工序5在设备上的顺序
20250304180500	;工序5开始时间
20250304184000	;工序5结束时间
4				;工序6在设备上的顺序
20250304201500	;工序6开始时间
20250304205600	;工序6结束时间
6				;序号
15166150			;PONO
001			;浇次号
4				;浇次分割号
00K5B3L1R1C1			;路径
0				;钢包早到时间
5				;工序1在设备上的顺序
20250304122500	;工序1开始时间
20250304122500	;工序1结束时间
15				;工序2在设备上的顺序
20250304122500	;工序2开始时间
20250304122500	;工序2结束时间
5				;工序3在设备上的顺序
20250304164100	;工序3开始时间
20250304173500	;工序3结束时间
5				;工序4在设备上的顺序
20250304174500	;工序4开始时间
20250304183600	;工序4结束时间
5				;工序5在设备上的顺序
20250304185500	;工序5开始时间
20250304192900	;工序5结束时间
5				;工序6在设备上的顺序
20250304210000	;工序6开始时间
20250304214300	;工序6结束时间
7				;序号
15166147			;PONO
001			;浇次号
5				;浇次分割号
00K5B1L1R1C1			;路径
0				;钢包早到时间
6				;工序1在设备上的顺序
20250304122500	;工序1开始时间
20250304122500	;工序1结束时间
19				;工序2在设备上的顺序
20250304122500	;工序2开始时间
20250304122500	;工序2结束时间
6				;工序3在设备上的顺序
20250304174800	;工序3开始时间
20250304184000	;工序3结束时间
6				;工序4在设备上的顺序
20250304185000	;工序4开始时间
20250304195500	;工序4结束时间
6				;工序5在设备上的顺序
20250304201000	;工序5开始时间
20250304204500	;工序5结束时间
6				;工序6在设备上的顺序
20250304214500	;工序6开始时间
20250304223000	;工序6结束时间
8				;序号
15166148			;PONO
001			;浇次号
6				;浇次分割号
00K5B3L1R1C1			;路径
0				;钢包早到时间
7				;工序1在设备上的顺序
20250304122500	;工序1开始时间
20250304122500	;工序1结束时间
21				;工序2在设备上的顺序
20250304122500	;工序2开始时间
20250304122500	;工序2结束时间
7				;工序3在设备上的顺序
20250304182300	;工序3开始时间
20250304191500	;工序3结束时间
7				;工序4在设备上的顺序
20250304192500	;工序4开始时间
20250304203000	;工序4结束时间
7				;工序5在设备上的顺序
20250304204500	;工序5开始时间
20250304212000	;工序5结束时间
7				;工序6在设备上的顺序
20250304223500	;工序6开始时间
20250304232000	;工序6结束时间
9				;序号
15166173			;PONO
002			;浇次号
1				;浇次分割号
00K5B2L1R1C1			;路径
0				;钢包早到时间
8				;工序1在设备上的顺序
20250304122500	;工序1开始时间
20250304122500	;工序1结束时间
26				;工序2在设备上的顺序
20250304122500	;工序2开始时间
20250304122500	;工序2结束时间
8				;工序3在设备上的顺序
20250304194700	;工序3开始时间
20250304203500	;工序3结束时间
8				;工序4在设备上的顺序
20250304204500	;工序4开始时间
20250304213900	;工序4结束时间
8				;工序5在设备上的顺序
20250304215500	;工序5开始时间
20250304223000	;工序5结束时间
8				;工序6在设备上的顺序
20250305002000	;工序6开始时间
20250305010700	;工序6结束时间
10				;序号
15166174			;PONO
002			;浇次号
2				;浇次分割号
00K5B1L1R1C1			;路径
0				;钢包早到时间
9				;工序1在设备上的顺序
20250304122500	;工序1开始时间
20250304122500	;工序1结束时间
34				;工序2在设备上的顺序
20250304122500	;工序2开始时间
20250304122500	;工序2结束时间
11				;工序3在设备上的顺序
20250304220200	;工序3开始时间
20250304225000	;工序3结束时间
9				;工序4在设备上的顺序
20250304230000	;工序4开始时间
20250304235400	;工序4结束时间
9				;工序5在设备上的顺序
20250305001000	;工序5开始时间
20250305004500	;工序5结束时间
9				;工序6在设备上的顺序
20250305011000	;工序6开始时间
20250305015700	;工序6结束时间
11				;序号
15166175			;PONO
002			;浇次号
3				;浇次分割号
00K5B3L1R1C1			;路径
0				;钢包早到时间
10				;工序1在设备上的顺序
20250304122500	;工序1开始时间
20250304122500	;工序1结束时间
36				;工序2在设备上的顺序
20250304122500	;工序2开始时间
20250304122500	;工序2结束时间
12				;工序3在设备上的顺序
20250304223700	;工序3开始时间
20250304232500	;工序3结束时间
10				;工序4在设备上的顺序
20250304233500	;工序4开始时间
20250305002900	;工序4结束时间
10				;工序5在设备上的顺序
20250305004500	;工序5开始时间
20250305012000	;工序5结束时间
10				;工序6在设备上的顺序
20250305020000	;工序6开始时间
20250305024700	;工序6结束时间
12				;序号
15166176			;PONO
002			;浇次号
4				;浇次分割号
00K5B3L1R1C1			;路径
0				;钢包早到时间
11				;工序1在设备上的顺序
20250304122500	;工序1开始时间
20250304122500	;工序1结束时间
39				;工序2在设备上的顺序
20250304122500	;工序2开始时间
20250304122500	;工序2结束时间
13				;工序3在设备上的顺序
20250304232700	;工序3开始时间
20250305001500	;工序3结束时间
11				;工序4在设备上的顺序
20250305002500	;工序4开始时间
20250305011900	;工序4结束时间
11				;工序5在设备上的顺序
20250305013500	;工序5开始时间
20250305021000	;工序5结束时间
11				;工序6在设备上的顺序
20250305025000	;工序6开始时间
20250305033700	;工序6结束时间
13				;序号
15166177			;PONO
002			;浇次号
5				;浇次分割号
00K5B1L1R1C1			;路径
0				;钢包早到时间
12				;工序1在设备上的顺序
20250304122500	;工序1开始时间
20250304122500	;工序1结束时间
40				;工序2在设备上的顺序
20250304122500	;工序2开始时间
20250304122500	;工序2结束时间
13				;工序3在设备上的顺序
20250304234200	;工序3开始时间
20250305003000	;工序3结束时间
12				;工序4在设备上的顺序
20250305004000	;工序4开始时间
20250305013400	;工序4结束时间
12				;工序5在设备上的顺序
20250305015000	;工序5开始时间
20250305022500	;工序5结束时间
12				;工序6在设备上的顺序
20250305034000	;工序6开始时间
20250305042700	;工序6结束时间
14				;序号
15166197			;PONO
000			;浇次号
2				;浇次分割号
00K5B3R2C2			;路径
0				;钢包早到时间
13				;工序1在设备上的顺序
20250304122500	;工序1开始时间
20250304122500	;工序1结束时间
0				;工序2在设备上的顺序
20250304122500	;工序2开始时间
20250304122500	;工序2结束时间
0				;工序3在设备上的顺序
20250304123500	;工序3开始时间
20250304132500	;工序3结束时间
0				;工序4在设备上的顺序
20250304134000	;工序4开始时间
20250304141700	;工序4结束时间
0				;工序5在设备上的顺序
20250304102500	;工序5开始时间
20250304111300	;工序5结束时间
15				;序号
15414679			;PONO
000			;浇次号
2				;浇次分割号
00K5B1R4C3			;路径
0				;钢包早到时间
14				;工序1在设备上的顺序
20250304122500	;工序1开始时间
20250304122500	;工序1结束时间
1				;工序2在设备上的顺序
20250304122500	;工序2开始时间
20250304122500	;工序2结束时间
0				;工序3在设备上的顺序
20250304125400	;工序3开始时间
20250304134000	;工序3结束时间
0				;工序4在设备上的顺序
20250304140500	;工序4开始时间
20250304144400	;工序4结束时间
0				;工序5在设备上的顺序
20250304111500	;工序5开始时间
20250304115800	;工序5结束时间
16				;序号
15166199			;PONO
000			;浇次号
3				;浇次分割号
00K5B3R2C2			;路径
0				;钢包早到时间
15				;工序1在设备上的顺序
20250304122500	;工序1开始时间
20250304122500	;工序1结束时间
6				;工序2在设备上的顺序
20250304122500	;工序2开始时间
20250304122500	;工序2结束时间
2				;工序3在设备上的顺序
20250304141600	;工序3开始时间
20250304150500	;工序3结束时间
1				;工序4在设备上的顺序
20250304152000	;工序4开始时间
20250304155600	;工序4结束时间
1				;工序5在设备上的顺序
20250304120000	;工序5开始时间
20250304124200	;工序5结束时间
17				;序号
15414697			;PONO
000			;浇次号
3				;浇次分割号
00K5B3R4C3			;路径
0				;钢包早到时间
16				;工序1在设备上的顺序
20250304122500	;工序1开始时间
20250304122500	;工序1结束时间
9				;工序2在设备上的顺序
20250304122500	;工序2开始时间
20250304122500	;工序2结束时间
3				;工序3在设备上的顺序
20250304150900	;工序3开始时间
20250304155500	;工序3结束时间
3				;工序4在设备上的顺序
20250304162000	;工序4开始时间
20250304165900	;工序4结束时间
1				;工序5在设备上的顺序
20250304124500	;工序5开始时间
20250304132800	;工序5结束时间
18				;序号
15166200			;PONO
000			;浇次号
4				;浇次分割号
00K5B2R2C2			;路径
0				;钢包早到时间
17				;工序1在设备上的顺序
20250304122500	;工序1开始时间
20250304122500	;工序1结束时间
11				;工序2在设备上的顺序
20250304122500	;工序2开始时间
20250304122500	;工序2结束时间
3				;工序3在设备上的顺序
20250304153700	;工序3开始时间
20250304162500	;工序3结束时间
2				;工序4在设备上的顺序
20250304164000	;工序4开始时间
20250304171300	;工序4结束时间
2				;工序5在设备上的顺序
20250304133000	;工序5开始时间
20250304141200	;工序5结束时间
19				;序号
15414698			;PONO
000			;浇次号
4				;浇次分割号
00K5B1R4C3			;路径
0				;钢包早到时间
18				;工序1在设备上的顺序
20250304122500	;工序1开始时间
20250304122500	;工序1结束时间
16				;工序2在设备上的顺序
20250304122500	;工序2开始时间
20250304122500	;工序2结束时间
5				;工序3在设备上的顺序
20250304170400	;工序3开始时间
20250304175000	;工序3结束时间
7				;工序4在设备上的顺序
20250304181500	;工序4开始时间
20250304185400	;工序4结束时间
2				;工序5在设备上的顺序
20250304141500	;工序5开始时间
20250304145800	;工序5结束时间
20				;序号
15166201			;PONO
000			;浇次号
5				;浇次分割号
00K5B3R2C2			;路径
0				;钢包早到时间
19				;工序1在设备上的顺序
20250304122500	;工序1开始时间
20250304122500	;工序1结束时间
18				;工序2在设备上的顺序
20250304122500	;工序2开始时间
20250304122500	;工序2结束时间
6				;工序3在设备上的顺序
20250304173500	;工序3开始时间
20250304182500	;工序3结束时间
3				;工序4在设备上的顺序
20250304184000	;工序4开始时间
20250304191700	;工序4结束时间
3				;工序5在设备上的顺序
20250304150000	;工序5开始时间
20250304154400	;工序5结束时间
21				;序号
15414699			;PONO
000			;浇次号
5				;浇次分割号
00K5B1R4C3			;路径
0				;钢包早到时间
20				;工序1在设备上的顺序
20250304122500	;工序1开始时间
20250304122500	;工序1结束时间
13				;工序2在设备上的顺序
20250304122500	;工序2开始时间
20250304122500	;工序2结束时间
4				;工序3在设备上的顺序
20250304161400	;工序3开始时间
20250304170000	;工序3结束时间
5				;工序4在设备上的顺序
20250304172500	;工序4开始时间
20250304180400	;工序4结束时间
3				;工序5在设备上的顺序
20250304155000	;工序5开始时间
20250304163300	;工序5结束时间
22				;序号
15166039			;PONO
000			;浇次号
6				;浇次分割号
00K5B2R2C2			;路径
0				;钢包早到时间
21				;工序1在设备上的顺序
20250304122500	;工序1开始时间
20250304122500	;工序1结束时间
23				;工序2在设备上的顺序
20250304122500	;工序2开始时间
20250304122500	;工序2结束时间
7				;工序3在设备上的顺序
20250304185900	;工序3开始时间
20250304194500	;工序3结束时间
4				;工序4在设备上的顺序
20250304200000	;工序4开始时间
20250304203600	;工序4结束时间
4				;工序5在设备上的顺序
20250304163500	;工序5开始时间
20250304171600	;工序5结束时间
23				;序号
15414700			;PONO
000			;浇次号
6				;浇次分割号
00K5B1R4C3			;路径
0				;钢包早到时间
22				;工序1在设备上的顺序
20250304122500	;工序1开始时间
20250304122500	;工序1结束时间
25				;工序2在设备上的顺序
20250304122500	;工序2开始时间
20250304122500	;工序2结束时间
8				;工序3在设备上的顺序
20250304193400	;工序3开始时间
20250304202000	;工序3结束时间
12				;工序4在设备上的顺序
20250304204500	;工序4开始时间
20250304212400	;工序4结束时间
4				;工序5在设备上的顺序
20250304172000	;工序5开始时间
20250304180300	;工序5结束时间
24				;序号
15166188			;PONO
000			;浇次号
7				;浇次分割号
00K5B1R2C2			;路径
0				;钢包早到时间
23				;工序1在设备上的顺序
20250304122500	;工序1开始时间
20250304122500	;工序1结束时间
28				;工序2在设备上的顺序
20250304122500	;工序2开始时间
20250304122500	;工序2结束时间
9				;工序3在设备上的顺序
20250304202400	;工序3开始时间
20250304211000	;工序3结束时间
5				;工序4在设备上的顺序
20250304213000	;工序4开始时间
20250304220600	;工序4结束时间
5				;工序5在设备上的顺序
20250304180500	;工序5开始时间
20250304184800	;工序5结束时间
25				;序号
15414701			;PONO
000			;浇次号
7				;浇次分割号
00K5B3R4C3			;路径
0				;钢包早到时间
24				;工序1在设备上的顺序
20250304122500	;工序1开始时间
20250304122500	;工序1结束时间
30				;工序2在设备上的顺序
20250304122500	;工序2开始时间
20250304122500	;工序2结束时间
10				;工序3在设备上的顺序
20250304205900	;工序3开始时间
20250304214500	;工序3结束时间
15				;工序4在设备上的顺序
20250304221000	;工序4开始时间
20250304224900	;工序4结束时间
5				;工序5在设备上的顺序
20250304185000	;工序5开始时间
20250304193300	;工序5结束时间
26				;序号
15165899			;PONO
000			;浇次号
8				;浇次分割号
00K5B2R2C2			;路径
0				;钢包早到时间
25				;工序1在设备上的顺序
20250304122500	;工序1开始时间
20250304122500	;工序1结束时间
32				;工序2在设备上的顺序
20250304122500	;工序2开始时间
20250304122500	;工序2结束时间
10				;工序3在设备上的顺序
20250304212300	;工序3开始时间
20250304221500	;工序3结束时间
6				;工序4在设备上的顺序
20250304223000	;工序4开始时间
20250304230600	;工序4结束时间
6				;工序5在设备上的顺序
20250304193500	;工序5开始时间
20250304202000	;工序5结束时间
27				;序号
15414702			;PONO
000			;浇次号
8				;浇次分割号
00K5B3R4C3			;路径
0				;钢包早到时间
26				;工序1在设备上的顺序
20250304122500	;工序1开始时间
20250304122500	;工序1结束时间
33				;工序2在设备上的顺序
20250304122500	;工序2开始时间
20250304122500	;工序2结束时间
11				;工序3在设备上的顺序
20250304214900	;工序3开始时间
20250304223500	;工序3结束时间
17				;工序4在设备上的顺序
20250304230000	;工序4开始时间
20250304233900	;工序4结束时间
6				;工序5在设备上的顺序
20250304202500	;工序5开始时间
20250304210800	;工序5结束时间
28				;序号
15166190			;PONO
000			;浇次号
9				;浇次分割号
00K5B2R2C2			;路径
0				;钢包早到时间
27				;工序1在设备上的顺序
20250304122500	;工序1开始时间
20250304122500	;工序1结束时间
35				;工序2在设备上的顺序
20250304122500	;工序2开始时间
20250304122500	;工序2结束时间
11				;工序3在设备上的顺序
20250304221700	;工序3开始时间
20250304230500	;工序3结束时间
7				;工序4在设备上的顺序
20250304232000	;工序4开始时间
20250304235300	;工序4结束时间
7				;工序5在设备上的顺序
20250304211000	;工序5开始时间
20250304215900	;工序5结束时间
29				;序号
15414703			;PONO
000			;浇次号
9				;浇次分割号
00K5B1R4C3			;路径
0				;钢包早到时间
28				;工序1在设备上的顺序
20250304122500	;工序1开始时间
20250304122500	;工序1结束时间
37				;工序2在设备上的顺序
20250304122500	;工序2开始时间
20250304122500	;工序2结束时间
12				;工序3在设备上的顺序
20250304225400	;工序3开始时间
20250304234000	;工序3结束时间
18				;工序4在设备上的顺序
20250305000500	;工序4开始时间
20250305004400	;工序4结束时间
9				;工序5在设备上的顺序
20250304220500	;工序5开始时间
20250304224800	;工序5结束时间
30				;序号
15166191			;PONO
000			;浇次号
10				;浇次分割号
00K5B2R2C2			;路径
0				;钢包早到时间
29				;工序1在设备上的顺序
20250304122500	;工序1开始时间
20250304122500	;工序1结束时间
38				;工序2在设备上的顺序
20250304122500	;工序2开始时间
20250304122500	;工序2结束时间
12				;工序3在设备上的顺序
20250304230700	;工序3开始时间
20250304235500	;工序3结束时间
8				;工序4在设备上的顺序
20250305001000	;工序4开始时间
20250305004300	;工序4结束时间
8				;工序5在设备上的顺序
20250304225000	;工序5开始时间
20250304233500	;工序5结束时间
31				;序号
15414713			;PONO
000			;浇次号
10				;浇次分割号
00K5B2R4C3			;路径
0				;钢包早到时间
30				;工序1在设备上的顺序
20250304122500	;工序1开始时间
20250304122500	;工序1结束时间
41				;工序2在设备上的顺序
20250304122500	;工序2开始时间
20250304122500	;工序2结束时间
13				;工序3在设备上的顺序
20250304235900	;工序3开始时间
20250305004500	;工序3结束时间
19				;工序4在设备上的顺序
20250305011000	;工序4开始时间
20250305014900	;工序4结束时间
13				;工序5在设备上的顺序
20250304233500	;工序5开始时间
20250305001800	;工序5结束时间
32				;序号
15166183			;PONO
000			;浇次号
11				;浇次分割号
00K5B3R2C2			;路径
0				;钢包早到时间
31				;工序1在设备上的顺序
20250304122500	;工序1开始时间
20250304122500	;工序1结束时间
42				;工序2在设备上的顺序
20250304122500	;工序2开始时间
20250304122500	;工序2结束时间
14				;工序3在设备上的顺序
20250305001400	;工序3开始时间
20250305010500	;工序3结束时间
9				;工序4在设备上的顺序
20250305012000	;工序4开始时间
20250305015600	;工序4结束时间
9				;工序5在设备上的顺序
20250305002500	;工序5开始时间
20250305011300	;工序5结束时间
33				;序号
15414714			;PONO
000			;浇次号
11				;浇次分割号
00K5B1R4C3			;路径
0				;钢包早到时间
32				;工序1在设备上的顺序
20250304122500	;工序1开始时间
20250304122500	;工序1结束时间
43				;工序2在设备上的顺序
20250304122500	;工序2开始时间
20250304122500	;工序2结束时间
14				;工序3在设备上的顺序
20250305003400	;工序3开始时间
20250305012000	;工序3结束时间
20				;工序4在设备上的顺序
20250305014500	;工序4开始时间
20250305022400	;工序4结束时间
16				;工序5在设备上的顺序
20250305011500	;工序5开始时间
20250305015800	;工序5结束时间
34				;序号
15166184			;PONO
000			;浇次号
12				;浇次分割号
00K5B2R2C2			;路径
0				;钢包早到时间
33				;工序1在设备上的顺序
20250304122500	;工序1开始时间
20250304122500	;工序1结束时间
44				;工序2在设备上的顺序
20250304122500	;工序2开始时间
20250304122500	;工序2结束时间
14				;工序3在设备上的顺序
20250305005000	;工序3开始时间
20250305013500	;工序3结束时间
10				;工序4在设备上的顺序
20250305015000	;工序4开始时间
20250305022500	;工序4结束时间
10				;工序5在设备上的顺序
20250305020000	;工序5开始时间
20250305024600	;工序5结束时间
35				;序号
15414715			;PONO
000			;浇次号
12				;浇次分割号
00K5B3R4C3			;路径
0				;钢包早到时间
34				;工序1在设备上的顺序
20250304122500	;工序1开始时间
20250304122500	;工序1结束时间
45				;工序2在设备上的顺序
20250304122500	;工序2开始时间
20250304122500	;工序2结束时间
15				;工序3在设备上的顺序
20250305010900	;工序3开始时间
20250305015500	;工序3结束时间
21				;工序4在设备上的顺序
20250305022000	;工序4开始时间
20250305025900	;工序4结束时间
19				;工序5在设备上的顺序
20250305025000	;工序5开始时间
20250305033300	;工序5结束时间
36				;序号
15166185			;PONO
000			;浇次号
13				;浇次分割号
00K5B1R2C2			;路径
0				;钢包早到时间
35				;工序1在设备上的顺序
20250304122500	;工序1开始时间
20250304122500	;工序1结束时间
46				;工序2在设备上的顺序
20250304122500	;工序2开始时间
20250304122500	;工序2结束时间
15				;工序3在设备上的顺序
20250305012100	;工序3开始时间
20250305021000	;工序3结束时间
11				;工序4在设备上的顺序
20250305023000	;工序4开始时间
20250305030700	;工序4结束时间
11				;工序5在设备上的顺序
20250305033500	;工序5开始时间
20250305042200	;工序5结束时间
37				;序号
15166186			;PONO
000			;浇次号
14				;浇次分割号
00K5B2R2C2			;路径
0				;钢包早到时间
36				;工序1在设备上的顺序
20250304122500	;工序1开始时间
20250304122500	;工序1结束时间
47				;工序2在设备上的顺序
20250304122500	;工序2开始时间
20250304122500	;工序2结束时间
15				;工序3在设备上的顺序
20250305013600	;工序3开始时间
20250305022500	;工序3结束时间
12				;工序4在设备上的顺序
20250305024000	;工序4开始时间
20250305031700	;工序4结束时间
12				;工序5在设备上的顺序
20250305042500	;工序5开始时间
20250305051200	;工序5结束时间
38				;序号
15166187			;PONO
000			;浇次号
15				;浇次分割号
00K5B3R2C2			;路径
0				;钢包早到时间
37				;工序1在设备上的顺序
20250304122500	;工序1开始时间
20250304122500	;工序1结束时间
48				;工序2在设备上的顺序
20250304122500	;工序2开始时间
20250304122500	;工序2结束时间
16				;工序3在设备上的顺序
20250305015600	;工序3开始时间
20250305024500	;工序3结束时间
13				;工序4在设备上的顺序
20250305030000	;工序4开始时间
20250305033700	;工序4结束时间
13				;工序5在设备上的顺序
20250305051500	;工序5开始时间
20250305060200	;工序5结束时间
39				;序号
15414716			;PONO
001			;浇次号
1				;浇次分割号
00K5B2R4C3			;路径
0				;钢包早到时间
38				;工序1在设备上的顺序
20250304122500	;工序1开始时间
20250304122500	;工序1结束时间
2				;工序2在设备上的顺序
20250304122500	;工序2开始时间
20250304122500	;工序2结束时间
0				;工序3在设备上的顺序
20250304130900	;工序3开始时间
20250304135500	;工序3结束时间
1				;工序4在设备上的顺序
20250304142000	;工序4开始时间
20250304145900	;工序4结束时间
7				;工序5在设备上的顺序
20250304203500	;工序5开始时间
20250304211700	;工序5结束时间
40				;序号
15414717			;PONO
001			;浇次号
2				;浇次分割号
00K5B2R4C3			;路径
0				;钢包早到时间
39				;工序1在设备上的顺序
20250304122500	;工序1开始时间
20250304122500	;工序1结束时间
5				;工序2在设备上的顺序
20250304122500	;工序2开始时间
20250304122500	;工序2结束时间
1				;工序3在设备上的顺序
20250304135900	;工序3开始时间
20250304144500	;工序3结束时间
2				;工序4在设备上的顺序
20250304151000	;工序4开始时间
20250304154900	;工序4结束时间
8				;工序5在设备上的顺序
20250304212000	;工序5开始时间
20250304220200	;工序5结束时间
41				;序号
15414723			;PONO
001			;浇次号
3				;浇次分割号
00K5B1R4C3			;路径
0				;钢包早到时间
40				;工序1在设备上的顺序
20250304122500	;工序1开始时间
20250304122500	;工序1结束时间
10				;工序2在设备上的顺序
20250304122500	;工序2开始时间
20250304122500	;工序2结束时间
3				;工序3在设备上的顺序
20250304152400	;工序3开始时间
20250304161000	;工序3结束时间
4				;工序4在设备上的顺序
20250304163500	;工序4开始时间
20250304171400	;工序4结束时间
10				;工序5在设备上的顺序
20250304220500	;工序5开始时间
20250304224700	;工序5结束时间
42				;序号
15414724			;PONO
001			;浇次号
4				;浇次分割号
00K5B2R4C3			;路径
0				;钢包早到时间
41				;工序1在设备上的顺序
20250304122500	;工序1开始时间
20250304122500	;工序1结束时间
14				;工序2在设备上的顺序
20250304122500	;工序2开始时间
20250304122500	;工序2结束时间
4				;工序3在设备上的顺序
20250304162900	;工序3开始时间
20250304171500	;工序3结束时间
6				;工序4在设备上的顺序
20250304174000	;工序4开始时间
20250304181900	;工序4结束时间
11				;工序5在设备上的顺序
20250304225000	;工序5开始时间
20250304233200	;工序5结束时间
43				;序号
15414725			;PONO
001			;浇次号
5				;浇次分割号
00K5B2R4C3			;路径
0				;钢包早到时间
42				;工序1在设备上的顺序
20250304122500	;工序1开始时间
20250304122500	;工序1结束时间
17				;工序2在设备上的顺序
20250304122500	;工序2开始时间
20250304122500	;工序2结束时间
5				;工序3在设备上的顺序
20250304171900	;工序3开始时间
20250304180500	;工序3结束时间
8				;工序4在设备上的顺序
20250304183000	;工序4开始时间
20250304190900	;工序4结束时间
12				;工序5在设备上的顺序
20250304233500	;工序5开始时间
20250305001700	;工序5结束时间
44				;序号
15414726			;PONO
001			;浇次号
6				;浇次分割号
00K5B2R4C3			;路径
0				;钢包早到时间
43				;工序1在设备上的顺序
20250304122500	;工序1开始时间
20250304122500	;工序1结束时间
20				;工序2在设备上的顺序
20250304122500	;工序2开始时间
20250304122500	;工序2结束时间
6				;工序3在设备上的顺序
20250304180900	;工序3开始时间
20250304185500	;工序3结束时间
9				;工序4在设备上的顺序
20250304192000	;工序4开始时间
20250304195900	;工序4结束时间
14				;工序5在设备上的顺序
20250305002000	;工序5开始时间
20250305010200	;工序5结束时间
45				;序号
15414727			;PONO
001			;浇次号
7				;浇次分割号
00K5B1R4C3			;路径
0				;钢包早到时间
44				;工序1在设备上的顺序
20250304122500	;工序1开始时间
20250304122500	;工序1结束时间
22				;工序2在设备上的顺序
20250304122500	;工序2开始时间
20250304122500	;工序2结束时间
7				;工序3在设备上的顺序
20250304184400	;工序3开始时间
20250304193000	;工序3结束时间
10				;工序4在设备上的顺序
20250304195500	;工序4开始时间
20250304203400	;工序4结束时间
15				;工序5在设备上的顺序
20250305010500	;工序5开始时间
20250305014700	;工序5结束时间
46				;序号
15414728			;PONO
001			;浇次号
8				;浇次分割号
00K5B3R4C3			;路径
0				;钢包早到时间
45				;工序1在设备上的顺序
20250304122500	;工序1开始时间
20250304122500	;工序1结束时间
24				;工序2在设备上的顺序
20250304122500	;工序2开始时间
20250304122500	;工序2结束时间
8				;工序3在设备上的顺序
20250304191700	;工序3开始时间
20250304200500	;工序3结束时间
11				;工序4在设备上的顺序
20250304203000	;工序4开始时间
20250304210600	;工序4结束时间
17				;工序5在设备上的顺序
20250305015000	;工序5开始时间
20250305023300	;工序5结束时间
47				;序号
15414729			;PONO
001			;浇次号
9				;浇次分割号
00K5B3R4C3			;路径
0				;钢包早到时间
46				;工序1在设备上的顺序
20250304122500	;工序1开始时间
20250304122500	;工序1结束时间
27				;工序2在设备上的顺序
20250304122500	;工序2开始时间
20250304122500	;工序2结束时间
9				;工序3在设备上的顺序
20250304200700	;工序3开始时间
20250304205500	;工序3结束时间
13				;工序4在设备上的顺序
20250304212000	;工序4开始时间
20250304215600	;工序4结束时间
18				;工序5在设备上的顺序
20250305023500	;工序5开始时间
20250305031800	;工序5结束时间
48				;序号
15414730			;PONO
001			;浇次号
10				;浇次分割号
00K5B2R4C3			;路径
0				;钢包早到时间
47				;工序1在设备上的顺序
20250304122500	;工序1开始时间
20250304122500	;工序1结束时间
29				;工序2在设备上的顺序
20250304122500	;工序2开始时间
20250304122500	;工序2结束时间
9				;工序3在设备上的顺序
20250304203700	;工序3开始时间
20250304212500	;工序3结束时间
14				;工序4在设备上的顺序
20250304215000	;工序4开始时间
20250304222600	;工序4结束时间
20				;工序5在设备上的顺序
20250305032500	;工序5开始时间
20250305040800	;工序5结束时间
49				;序号
15414731			;PONO
001			;浇次号
11				;浇次分割号
00K5B1R4C3			;路径
0				;钢包早到时间
48				;工序1在设备上的顺序
20250304122500	;工序1开始时间
20250304122500	;工序1结束时间
31				;工序2在设备上的顺序
20250304122500	;工序2开始时间
20250304122500	;工序2结束时间
10				;工序3在设备上的顺序
20250304211200	;工序3开始时间
20250304220000	;工序3结束时间
16				;工序4在设备上的顺序
20250304222500	;工序4开始时间
20250304230100	;工序4结束时间
21				;工序5在设备上的顺序
20250305041000	;工序5开始时间
20250305045300	;工序5结束时间
