27
1				;序号
15162318			;PONO
12507			;浇次号
7				;浇次分割号
00K6L1R1B2C1			;路径
0				;钢包早到时间
0				;工序1在设备上的顺序
00000000000000	;工序1开始时间
00000000000000	;工序1结束时间
0				;工序2在设备上的顺序
20250105102435	;工序2开始时间
20250105102435	;工序2结束时间
0				;工序3在设备上的顺序
20250105104342	;工序3开始时间
20250105111637	;工序3结束时间
0				;工序4在设备上的顺序
20250105113405	;工序4开始时间
20250105121724	;工序4结束时间
0				;工序5在设备上的顺序
20250105132403	;工序5开始时间
20250105135427	;工序5结束时间
0				;工序6在设备上的顺序
20250105142337	;工序6开始时间
20250105151114	;工序6结束时间
2				;序号
15162319			;PONO
12508			;浇次号
1				;浇次分割号
00K7B2L2R1C1			;路径
0				;钢包早到时间
1				;工序1在设备上的顺序
00000000000000	;工序1开始时间
00000000000000	;工序1结束时间
0				;工序2在设备上的顺序
20250105115556	;工序2开始时间
20250105115556	;工序2结束时间
1				;工序3在设备上的顺序
20250105123911	;工序3开始时间
20250105131220	;工序3结束时间
0				;工序4在设备上的顺序
20250105133901	;工序4开始时间
20250105144007	;工序4结束时间
1				;工序5在设备上的顺序
20250105151040	;工序5开始时间
20250105154540	;工序5结束时间
1				;工序6在设备上的顺序
20250105161040	;工序6开始时间
20250105170040	;工序6结束时间
3				;序号
15162320			;PONO
12508			;浇次号
2				;浇次分割号
00K7B2L1R1C1			;路径
0				;钢包早到时间
2				;工序1在设备上的顺序
00000000000000	;工序1开始时间
00000000000000	;工序1结束时间
9				;工序2在设备上的顺序
20250105131346	;工序2开始时间
20250105131346	;工序2结束时间
2				;工序3在设备上的顺序
20250105133536	;工序3开始时间
20250105140736	;工序3结束时间
1				;工序4在设备上的顺序
20250105142530	;工序4开始时间
20250105152230	;工序4结束时间
2				;工序5在设备上的顺序
20250105154540	;工序5开始时间
20250105162040	;工序5结束时间
2				;工序6在设备上的顺序
20250105180040	;工序6开始时间
20250105185040	;工序6结束时间
4				;序号
15162321			;PONO
12508			;浇次号
3				;浇次分割号
00K6B1L4R1C1			;路径
0				;钢包早到时间
3				;工序1在设备上的顺序
00000000000000	;工序1开始时间
00000000000000	;工序1结束时间
2				;工序2在设备上的顺序
20250105145424	;工序2开始时间
20250105145424	;工序2结束时间
5				;工序3在设备上的顺序
20250105150719	;工序3开始时间
20250105160019	;工序3结束时间
0				;工序4在设备上的顺序
20250105161019	;工序4开始时间
20250105170719	;工序4结束时间
3				;工序5在设备上的顺序
20250105172219	;工序5开始时间
20250105175719	;工序5结束时间
3				;工序6在设备上的顺序
20250105185340	;工序6开始时间
20250105194340	;工序6结束时间
5				;序号
15162206			;PONO
12509			;浇次号
1				;浇次分割号
00K7B3A1C1			;路径
0				;钢包早到时间
4				;工序1在设备上的顺序
00000000000000	;工序1开始时间
00000000000000	;工序1结束时间
17				;工序2在设备上的顺序
20250105131346	;工序2开始时间
20250105131346	;工序2结束时间
1				;工序3在设备上的顺序
20250105160940	;工序3开始时间
20250105165640	;工序3结束时间
0				;工序4在设备上的顺序
20250105170640	;工序4开始时间
20250105173640	;工序4结束时间
4				;工序5在设备上的顺序
20250105194640	;工序5开始时间
20250105202940	;工序5结束时间
6				;序号
15162199			;PONO
12509			;浇次号
2				;浇次分割号
00K7B1R1C1			;路径
0				;钢包早到时间
5				;工序1在设备上的顺序
00000000000000	;工序1开始时间
00000000000000	;工序1结束时间
16				;工序2在设备上的顺序
20250105131346	;工序2开始时间
20250105131346	;工序2结束时间
6				;工序3在设备上的顺序
20250105175140	;工序3开始时间
20250105183940	;工序3结束时间
4				;工序4在设备上的顺序
20250105185740	;工序4开始时间
20250105193240	;工序4结束时间
5				;工序5在设备上的顺序
20250105212940	;工序5开始时间
20250105221540	;工序5结束时间
7				;序号
15162307			;PONO
12509			;浇次号
3				;浇次分割号
00K7B2R1C1			;路径
0				;钢包早到时间
6				;工序1在设备上的顺序
00000000000000	;工序1开始时间
00000000000000	;工序1结束时间
15				;工序2在设备上的顺序
20250105131346	;工序2开始时间
20250105131346	;工序2结束时间
9				;工序3在设备上的顺序
20250105183656	;工序3开始时间
20250105192456	;工序3结束时间
5				;工序4在设备上的顺序
20250105194256	;工序4开始时间
20250105201756	;工序4结束时间
6				;工序5在设备上的顺序
20250105221840	;工序5开始时间
20250105230640	;工序5结束时间
8				;序号
15162308			;PONO
12509			;浇次号
4				;浇次分割号
00K7B1R1C1			;路径
0				;钢包早到时间
7				;工序1在设备上的顺序
00000000000000	;工序1开始时间
00000000000000	;工序1结束时间
14				;工序2在设备上的顺序
20250105131346	;工序2开始时间
20250105131346	;工序2结束时间
0				;工序3在设备上的顺序
20250105193140	;工序3开始时间
20250105201940	;工序3结束时间
6				;工序4在设备上的顺序
20250105203740	;工序4开始时间
20250105211240	;工序4结束时间
7				;工序5在设备上的顺序
20250105230940	;工序5开始时间
20250105235740	;工序5结束时间
9				;序号
15162323			;PONO
21978			;浇次号
73				;浇次分割号
00K8B3R2C2			;路径
0				;钢包早到时间
8				;工序1在设备上的顺序
00000000000000	;工序1开始时间
00000000000000	;工序1结束时间
0				;工序2在设备上的顺序
20250105123129	;工序2开始时间
20250105123129	;工序2结束时间
2				;工序3在设备上的顺序
20250105125910	;工序3开始时间
20250105132142	;工序3结束时间
0				;工序4在设备上的顺序
20250105133512	;工序4开始时间
20250105140454	;工序4结束时间
0				;工序5在设备上的顺序
20250105142631	;工序5开始时间
20250105151522	;工序5结束时间
10				;序号
15162267			;PONO
21978			;浇次号
74				;浇次分割号
00K8B3R2C2			;路径
0				;钢包早到时间
9				;工序1在设备上的顺序
00000000000000	;工序1开始时间
00000000000000	;工序1结束时间
1				;工序2在设备上的顺序
20250105132731	;工序2开始时间
20250105132731	;工序2结束时间
3				;工序3在设备上的顺序
20250105135027	;工序3开始时间
20250105142656	;工序3结束时间
1				;工序4在设备上的顺序
20250105143746	;工序4开始时间
20250105150735	;工序4结束时间
1				;工序5在设备上的顺序
20250105171656	;工序5开始时间
20250105180156	;工序5结束时间
11				;序号
15162268			;PONO
21978			;浇次号
75				;浇次分割号
00K8B3R2C2			;路径
0				;钢包早到时间
10				;工序1在设备上的顺序
00000000000000	;工序1开始时间
00000000000000	;工序1结束时间
2				;工序2在设备上的顺序
20250105143158	;工序2开始时间
20250105143158	;工序2结束时间
0				;工序3在设备上的顺序
20250105144435	;工序3开始时间
20250105150803	;工序3结束时间
2				;工序4在设备上的顺序
20250105152119	;工序4开始时间
20250105155719	;工序4结束时间
2				;工序5在设备上的顺序
20250105180456	;工序5开始时间
20250105185256	;工序5结束时间
12				;序号
15162269			;PONO
21978			;浇次号
76				;浇次分割号
00K5B2R2C2			;路径
0				;钢包早到时间
11				;工序1在设备上的顺序
00000000000000	;工序1开始时间
00000000000000	;工序1结束时间
1				;工序2在设备上的顺序
20250105145824	;工序2开始时间
20250105145824	;工序2结束时间
4				;工序3在设备上的顺序
20250105151556	;工序3开始时间
20250105160556	;工序3结束时间
3				;工序4在设备上的顺序
20250105162056	;工序4开始时间
20250105165656	;工序4结束时间
3				;工序5在设备上的顺序
20250105185556	;工序5开始时间
20250105194356	;工序5结束时间
13				;序号
15162270			;PONO
21978			;浇次号
77				;浇次分割号
00K7B1R2C2			;路径
0				;钢包早到时间
12				;工序1在设备上的顺序
00000000000000	;工序1开始时间
00000000000000	;工序1结束时间
13				;工序2在设备上的顺序
20250105131346	;工序2开始时间
20250105131346	;工序2结束时间
3				;工序3在设备上的顺序
20250105160656	;工序3开始时间
20250105165656	;工序3结束时间
4				;工序4在设备上的顺序
20250105171456	;工序4开始时间
20250105175156	;工序4结束时间
4				;工序5在设备上的顺序
20250105194656	;工序5开始时间
20250105203056	;工序5结束时间
14				;序号
14161927			;PONO
21978			;浇次号
78				;浇次分割号
00K7B2R2C2			;路径
0				;钢包早到时间
13				;工序1在设备上的顺序
00000000000000	;工序1开始时间
00000000000000	;工序1结束时间
12				;工序2在设备上的顺序
20250105131346	;工序2开始时间
20250105131346	;工序2结束时间
5				;工序3在设备上的顺序
20250105165356	;工序3开始时间
20250105174356	;工序3结束时间
5				;工序4在设备上的顺序
20250105175856	;工序4开始时间
20250105183556	;工序4结束时间
5				;工序5在设备上的顺序
20250105203356	;工序5开始时间
20250105212356	;工序5结束时间
15				;序号
15162209			;PONO
21978			;浇次号
79				;浇次分割号
00K7B2R2C2			;路径
0				;钢包早到时间
14				;工序1在设备上的顺序
00000000000000	;工序1开始时间
00000000000000	;工序1结束时间
11				;工序2在设备上的顺序
20250105131346	;工序2开始时间
20250105131346	;工序2结束时间
6				;工序3在设备上的顺序
20250105174456	;工序3开始时间
20250105183656	;工序3结束时间
6				;工序4在设备上的顺序
20250105185156	;工序4开始时间
20250105192656	;工序4结束时间
6				;工序5在设备上的顺序
20250105212656	;工序5开始时间
20250105221556	;工序5结束时间
16				;序号
15162217			;PONO
21978			;浇次号
80				;浇次分割号
00K7B1R2C2			;路径
0				;钢包早到时间
15				;工序1在设备上的顺序
00000000000000	;工序1开始时间
00000000000000	;工序1结束时间
10				;工序2在设备上的顺序
20250105131346	;工序2开始时间
20250105131346	;工序2结束时间
7				;工序3在设备上的顺序
20250105183956	;工序3开始时间
20250105192856	;工序3结束时间
7				;工序4在设备上的顺序
20250105194656	;工序4开始时间
20250105202056	;工序4结束时间
7				;工序5在设备上的顺序
20250105221856	;工序5开始时间
20250105230156	;工序5结束时间
17				;序号
15162232			;PONO
21978			;浇次号
81				;浇次分割号
00K7B2R2C2			;路径
0				;钢包早到时间
16				;工序1在设备上的顺序
00000000000000	;工序1开始时间
00000000000000	;工序1结束时间
8				;工序2在设备上的顺序
20250105131346	;工序2开始时间
20250105131346	;工序2结束时间
3				;工序3在设备上的顺序
20250105192456	;工序3开始时间
20250105201656	;工序3结束时间
8				;工序4在设备上的顺序
20250105203156	;工序4开始时间
20250105210856	;工序4结束时间
8				;工序5在设备上的顺序
20250105230456	;工序5开始时间
20250105235356	;工序5结束时间
18				;序号
15162218			;PONO
21978			;浇次号
82				;浇次分割号
00K7B2R2C2			;路径
0				;钢包早到时间
17				;工序1在设备上的顺序
00000000000000	;工序1开始时间
00000000000000	;工序1结束时间
7				;工序2在设备上的顺序
20250105131346	;工序2开始时间
20250105131346	;工序2结束时间
7				;工序3在设备上的顺序
20250105201656	;工序3开始时间
20250105210656	;工序3结束时间
9				;工序4在设备上的顺序
20250105212156	;工序4开始时间
20250105215556	;工序4结束时间
9				;工序5在设备上的顺序
20250105235656	;工序5开始时间
20250106004256	;工序5结束时间
19				;序号
15410836			;PONO
31771			;浇次号
5				;浇次分割号
00K5B1R4C3			;路径
0				;钢包早到时间
18				;工序1在设备上的顺序
00000000000000	;工序1开始时间
00000000000000	;工序1结束时间
2				;工序2在设备上的顺序
20250105125604	;工序2开始时间
20250105125604	;工序2结束时间
1				;工序3在设备上的顺序
20250105131500	;工序3开始时间
20250105133739	;工序3结束时间
0				;工序4在设备上的顺序
20250105141026	;工序4开始时间
20250105143728	;工序4结束时间
0				;工序5在设备上的顺序
20250105150204	;工序5开始时间
20250105154504	;工序5结束时间
20				;序号
15410837			;PONO
31771			;浇次号
8				;浇次分割号
00K6B1R4C3			;路径
0				;钢包早到时间
19				;工序1在设备上的顺序
00000000000000	;工序1开始时间
00000000000000	;工序1结束时间
1				;工序2在设备上的顺序
20250105134713	;工序2开始时间
20250105134713	;工序2结束时间
4				;工序3在设备上的顺序
20250105140617	;工序3开始时间
20250105143426	;工序3结束时间
1				;工序4在设备上的顺序
20250105145428	;工序4开始时间
20250105152108	;工序4结束时间
1				;工序5在设备上的顺序
20250105172426	;工序5开始时间
20250105180726	;工序5结束时间
21				;序号
15410923			;PONO
31772			;浇次号
1				;浇次分割号
00K5B2L5R4C3			;路径
0				;钢包早到时间
20				;工序1在设备上的顺序
00000000000000	;工序1开始时间
00000000000000	;工序1结束时间
0				;工序2在设备上的顺序
20250105140122	;工序2开始时间
20250105140122	;工序2结束时间
8				;工序3在设备上的顺序
20250105142431	;工序3开始时间
20250105145726	;工序3结束时间
0				;工序4在设备上的顺序
20250105151010	;工序4开始时间
20250105155710	;工序4结束时间
2				;工序5在设备上的顺序
20250105162210	;工序5开始时间
20250105165910	;工序5结束时间
2				;工序6在设备上的顺序
20250105181026	;工序6开始时间
20250105185126	;工序6结束时间
22				;序号
15410924			;PONO
31772			;浇次号
2				;浇次分割号
00K7B1L1R4C3			;路径
0				;钢包早到时间
21				;工序1在设备上的顺序
00000000000000	;工序1开始时间
00000000000000	;工序1结束时间
6				;工序2在设备上的顺序
20250105131346	;工序2开始时间
20250105131346	;工序2结束时间
2				;工序3在设备上的顺序
20250105170326	;工序3开始时间
20250105174726	;工序3结束时间
2				;工序4在设备上的顺序
20250105175726	;工序4开始时间
20250105184426	;工序4结束时间
3				;工序5在设备上的顺序
20250105185926	;工序5开始时间
20250105193626	;工序5结束时间
3				;工序6在设备上的顺序
20250105200126	;工序6开始时间
20250105204226	;工序6结束时间
23				;序号
15410925			;PONO
31772			;浇次号
3				;浇次分割号
00K7B3L4R4C3			;路径
0				;钢包早到时间
22				;工序1在设备上的顺序
00000000000000	;工序1开始时间
00000000000000	;工序1结束时间
5				;工序2在设备上的顺序
20250105131346	;工序2开始时间
20250105131346	;工序2结束时间
4				;工序3在设备上的顺序
20250105173726	;工序3开始时间
20250105182126	;工序3结束时间
1				;工序4在设备上的顺序
20250105183126	;工序4开始时间
20250105191826	;工序4结束时间
4				;工序5在设备上的顺序
20250105194326	;工序5开始时间
20250105202026	;工序5结束时间
4				;工序6在设备上的顺序
20250105204526	;工序6开始时间
20250105212626	;工序6结束时间
24				;序号
15410926			;PONO
31772			;浇次号
4				;浇次分割号
00K7B3L1R4C3			;路径
0				;钢包早到时间
23				;工序1在设备上的顺序
00000000000000	;工序1开始时间
00000000000000	;工序1结束时间
4				;工序2在设备上的顺序
20250105131346	;工序2开始时间
20250105131346	;工序2结束时间
5				;工序3在设备上的顺序
20250105182526	;工序3开始时间
20250105190926	;工序3结束时间
3				;工序4在设备上的顺序
20250105191926	;工序4开始时间
20250105200626	;工序4结束时间
5				;工序5在设备上的顺序
20250105202440	;工序5开始时间
20250105210140	;工序5结束时间
5				;工序6在设备上的顺序
20250105212926	;工序6开始时间
20250105221026	;工序6结束时间
25				;序号
15410927			;PONO
31772			;浇次号
5				;浇次分割号
00K7B3L1R4C3			;路径
0				;钢包早到时间
24				;工序1在设备上的顺序
00000000000000	;工序1开始时间
00000000000000	;工序1结束时间
3				;工序2在设备上的顺序
20250105131346	;工序2开始时间
20250105131346	;工序2结束时间
6				;工序3在设备上的顺序
20250105191226	;工序3开始时间
20250105195626	;工序3结束时间
4				;工序4在设备上的顺序
20250105200626	;工序4开始时间
20250105205326	;工序4结束时间
6				;工序5在设备上的顺序
20250105211126	;工序5开始时间
20250105214826	;工序5结束时间
6				;工序6在设备上的顺序
20250105221326	;工序6开始时间
20250105225426	;工序6结束时间
26				;序号
15410929			;PONO
31772			;浇次号
6				;浇次分割号
00K7B3L1R4C3			;路径
0				;钢包早到时间
25				;工序1在设备上的顺序
00000000000000	;工序1开始时间
00000000000000	;工序1结束时间
2				;工序2在设备上的顺序
20250105131346	;工序2开始时间
20250105131346	;工序2结束时间
7				;工序3在设备上的顺序
20250105195926	;工序3开始时间
20250105204326	;工序3结束时间
5				;工序4在设备上的顺序
20250105205326	;工序4开始时间
20250105214026	;工序4结束时间
7				;工序5在设备上的顺序
20250105215526	;工序5开始时间
20250105223226	;工序5结束时间
7				;工序6在设备上的顺序
20250105225726	;工序6开始时间
20250105233826	;工序6结束时间
27				;序号
15410932			;PONO
31772			;浇次号
7				;浇次分割号
00K7B1L4R4C3			;路径
0				;钢包早到时间
26				;工序1在设备上的顺序
00000000000000	;工序1开始时间
00000000000000	;工序1结束时间
1				;工序2在设备上的顺序
20250105131346	;工序2开始时间
20250105131346	;工序2结束时间
8				;工序3在设备上的顺序
20250105203326	;工序3开始时间
20250105211726	;工序3结束时间
2				;工序4在设备上的顺序
20250105212726	;工序4开始时间
20250105221426	;工序4结束时间
8				;工序5在设备上的顺序
20250105223926	;工序5开始时间
20250105231626	;工序5结束时间
8				;工序6在设备上的顺序
20250105234126	;工序6开始时间
20250106002226	;工序6结束时间
