28
1				;序号
15166354			;PONO
100			;浇次号
1				;浇次分割号
00K6B1R1C1			;路径
0				;钢包早到时间
0				;工序1在设备上的顺序
00000000000000	;工序1开始时间
00000000000000	;工序1结束时间
0				;工序2在设备上的顺序
20250307145500	;工序2开始时间
20250307145500	;工序2结束时间
0				;工序3在设备上的顺序
20250307151000	;工序3开始时间
20250307154600	;工序3结束时间
0				;工序4在设备上的顺序
20250307160400	;工序4开始时间
20250307163600	;工序4结束时间
0				;工序5在设备上的顺序
20250307170100	;工序5开始时间
20250307174800	;工序5结束时间
2				;序号
15166355			;PONO
100			;浇次号
2				;浇次分割号
00K6B3R1C1			;路径
0				;钢包早到时间
1				;工序1在设备上的顺序
00000000000000	;工序1开始时间
00000000000000	;工序1结束时间
1				;工序2在设备上的顺序
20250307145500	;工序2开始时间
20250307145500	;工序2结束时间
4				;工序3在设备上的顺序
20250307174900	;工序3开始时间
20250307182500	;工序3结束时间
1				;工序4在设备上的顺序
20250307184300	;工序4开始时间
20250307191500	;工序4结束时间
7				;工序5在设备上的顺序
20250307194000	;工序5开始时间
20250307202700	;工序5结束时间
3				;序号
15166357			;PONO
101			;浇次号
1				;浇次分割号
00K8B1A1C1			;路径
0				;钢包早到时间
2				;工序1在设备上的顺序
00000000000000	;工序1开始时间
00000000000000	;工序1结束时间
0				;工序2在设备上的顺序
20250307145500	;工序2开始时间
20250307145500	;工序2结束时间
8				;工序3在设备上的顺序
20250307164600	;工序3开始时间
20250307172900	;工序3结束时间
5				;工序4在设备上的顺序
20250307174400	;工序4开始时间
20250307180900	;工序4结束时间
2				;工序5在设备上的顺序
20250307182900	;工序5开始时间
20250307191200	;工序5结束时间
4				;序号
15166364			;PONO
101			;浇次号
2				;浇次分割号
00K5B1A1C1			;路径
0				;钢包早到时间
3				;工序1在设备上的顺序
00000000000000	;工序1开始时间
00000000000000	;工序1结束时间
0				;工序2在设备上的顺序
20250307145500	;工序2开始时间
20250307145500	;工序2结束时间
1				;工序3在设备上的顺序
20250307182300	;工序3开始时间
20250307190600	;工序3结束时间
0				;工序4在设备上的顺序
20250307192100	;工序4开始时间
20250307194600	;工序4结束时间
6				;工序5在设备上的顺序
20250307200600	;工序5开始时间
20250307205000	;工序5结束时间
5				;序号
15166359			;PONO
101			;浇次号
3				;浇次分割号
00K6B2A1C1			;路径
0				;钢包早到时间
4				;工序1在设备上的顺序
00000000000000	;工序1开始时间
00000000000000	;工序1结束时间
2				;工序2在设备上的顺序
20250307145500	;工序2开始时间
20250307145500	;工序2结束时间
8				;工序3在设备上的顺序
20250307185300	;工序3开始时间
20250307194400	;工序3结束时间
4				;工序4在设备上的顺序
20250307201200	;工序4开始时间
20250307203400	;工序4结束时间
1				;工序5在设备上的顺序
20250307205400	;工序5开始时间
20250307213800	;工序5结束时间
6				;序号
15166360			;PONO
101			;浇次号
4				;浇次分割号
00K8B3A1C1			;路径
0				;钢包早到时间
5				;工序1在设备上的顺序
00000000000000	;工序1开始时间
00000000000000	;工序1结束时间
1				;工序2在设备上的顺序
20250307145500	;工序2开始时间
20250307145500	;工序2结束时间
8				;工序3在设备上的顺序
20250307202000	;工序3开始时间
20250307211400	;工序3结束时间
1				;工序4在设备上的顺序
20250307212400	;工序4开始时间
20250307215000	;工序4结束时间
3				;工序5在设备上的顺序
20250307221000	;工序5开始时间
20250307225200	;工序5结束时间
7				;序号
15166378			;PONO
101			;浇次号
5				;浇次分割号
00K6B2A1C1			;路径
0				;钢包早到时间
6				;工序1在设备上的顺序
00000000000000	;工序1开始时间
00000000000000	;工序1结束时间
3				;工序2在设备上的顺序
20250307145500	;工序2开始时间
20250307145500	;工序2结束时间
2				;工序3在设备上的顺序
20250307171900	;工序3开始时间
20250307180600	;工序3结束时间
6				;工序4在设备上的顺序
20250307181800	;工序4开始时间
20250307183500	;工序4结束时间
8				;工序5在设备上的顺序
20250307185500	;工序5开始时间
20250307193700	;工序5结束时间
8				;序号
15166379			;PONO
101			;浇次号
6				;浇次分割号
00K6B2A1C1			;路径
0				;钢包早到时间
7				;工序1在设备上的顺序
00000000000000	;工序1开始时间
00000000000000	;工序1结束时间
4				;工序2在设备上的顺序
20250307145500	;工序2开始时间
20250307145500	;工序2结束时间
9				;工序3在设备上的顺序
20250307154100	;工序3开始时间
20250307162800	;工序3结束时间
2				;工序4在设备上的顺序
20250307164000	;工序4开始时间
20250307165700	;工序4结束时间
4				;工序5在设备上的顺序
20250307171700	;工序5开始时间
20250307175900	;工序5结束时间
9				;序号
15166451			;PONO
101			;浇次号
7				;浇次分割号
00K5B3A1C1			;路径
0				;钢包早到时间
8				;工序1在设备上的顺序
00000000000000	;工序1开始时间
00000000000000	;工序1结束时间
1				;工序2在设备上的顺序
20250307145500	;工序2开始时间
20250307145500	;工序2结束时间
7				;工序3在设备上的顺序
20250307183800	;工序3开始时间
20250307192900	;工序3结束时间
7				;工序4在设备上的顺序
20250307194600	;工序4开始时间
20250307201200	;工序4结束时间
9				;工序5在设备上的顺序
20250307203200	;工序5开始时间
20250307211500	;工序5结束时间
10				;序号
15166495			;PONO
102			;浇次号
1				;浇次分割号
00K8B2A1C1			;路径
0				;钢包早到时间
9				;工序1在设备上的顺序
00000000000000	;工序1开始时间
00000000000000	;工序1结束时间
2				;工序2在设备上的顺序
20250307145500	;工序2开始时间
20250307145500	;工序2结束时间
1				;工序3在设备上的顺序
20250307194400	;工序3开始时间
20250307203000	;工序3结束时间
3				;工序4在设备上的顺序
20250307204200	;工序4开始时间
20250307210200	;工序4结束时间
5				;工序5在设备上的顺序
20250307212200	;工序5开始时间
20250307220500	;工序5结束时间
11				;序号
15166493			;PONO
103			;浇次号
1				;浇次分割号
00K8B3A1C1			;路径
0				;钢包早到时间
10				;工序1在设备上的顺序
00000000000000	;工序1开始时间
00000000000000	;工序1结束时间
3				;工序2在设备上的顺序
20250307145500	;工序2开始时间
20250307145500	;工序2结束时间
0				;工序3在设备上的顺序
20250307211400	;工序3开始时间
20250307220000	;工序3结束时间
8				;工序4在设备上的顺序
20250307221000	;工序4开始时间
20250307223000	;工序4结束时间
10				;工序5在设备上的顺序
20250307225000	;工序5开始时间
20250307233100	;工序5结束时间
12				;序号
15166391			;PONO
200			;浇次号
1				;浇次分割号
00K8B3R2C2			;路径
0				;钢包早到时间
11				;工序1在设备上的顺序
00000000000000	;工序1开始时间
00000000000000	;工序1结束时间
4				;工序2在设备上的顺序
20250307145500	;工序2开始时间
20250307145500	;工序2结束时间
2				;工序3在设备上的顺序
20250307152500	;工序3开始时间
20250307161600	;工序3结束时间
9				;工序4在设备上的顺序
20250307163200	;工序4开始时间
20250307170500	;工序4结束时间
9				;工序5在设备上的顺序
20250307173000	;工序5开始时间
20250307181400	;工序5结束时间
13				;序号
15166392			;PONO
200			;浇次号
2				;浇次分割号
00K5B1R2C2			;路径
0				;钢包早到时间
12				;工序1在设备上的顺序
00000000000000	;工序1开始时间
00000000000000	;工序1结束时间
2				;工序2在设备上的顺序
20250307145500	;工序2开始时间
20250307145500	;工序2结束时间
4				;工序3在设备上的顺序
20250307214400	;工序3开始时间
20250307223500	;工序3结束时间
0				;工序4在设备上的顺序
20250307231000	;工序4开始时间
20250307234300	;工序4结束时间
0				;工序5在设备上的顺序
20250308000800	;工序5开始时间
20250308005200	;工序5结束时间
14				;序号
15166390			;PONO
200			;浇次号
3				;浇次分割号
00K8B2R2C2			;路径
0				;钢包早到时间
13				;工序1在设备上的顺序
00000000000000	;工序1开始时间
00000000000000	;工序1结束时间
5				;工序2在设备上的顺序
20250307145500	;工序2开始时间
20250307145500	;工序2结束时间
7				;工序3在设备上的顺序
20250307212900	;工序3开始时间
20250307221200	;工序3结束时间
12				;工序4在设备上的顺序
20250308005200	;工序4开始时间
20250308013000	;工序4结束时间
12				;工序5在设备上的顺序
20250308015500	;工序5开始时间
20250308023800	;工序5结束时间
15				;序号
15166406			;PONO
200			;浇次号
4				;浇次分割号
00K6B2R2C2			;路径
0				;钢包早到时间
14				;工序1在设备上的顺序
00000000000000	;工序1开始时间
00000000000000	;工序1结束时间
5				;工序2在设备上的顺序
20250307145500	;工序2开始时间
20250307145500	;工序2结束时间
0				;工序3在设备上的顺序
20250307203500	;工序3开始时间
20250307212300	;工序3结束时间
13				;工序4在设备上的顺序
20250307220000	;工序4开始时间
20250307223500	;工序4结束时间
13				;工序5在设备上的顺序
20250307230000	;工序5开始时间
20250307234600	;工序5结束时间
16				;序号
15166399			;PONO
200			;浇次号
5				;浇次分割号
00K6B2R2C2			;路径
0				;钢包早到时间
15				;工序1在设备上的顺序
00000000000000	;工序1开始时间
00000000000000	;工序1结束时间
6				;工序2在设备上的顺序
20250307145500	;工序2开始时间
20250307145500	;工序2结束时间
3				;工序3在设备上的顺序
20250307221500	;工序3开始时间
20250307230800	;工序3结束时间
15				;工序4在设备上的顺序
20250308001700	;工序4开始时间
20250308005200	;工序4结束时间
5				;工序5在设备上的顺序
20250308011700	;工序5开始时间
20250308020500	;工序5结束时间
17				;序号
15166404			;PONO
200			;浇次号
6				;浇次分割号
00K6B1R2C2			;路径
0				;钢包早到时间
16				;工序1在设备上的顺序
00000000000000	;工序1开始时间
00000000000000	;工序1结束时间
7				;工序2在设备上的顺序
20250307145500	;工序2开始时间
20250307145500	;工序2结束时间
2				;工序3在设备上的顺序
20250307173400	;工序3开始时间
20250307182300	;工序3结束时间
5				;工序4在设备上的顺序
20250307184500	;工序4开始时间
20250307192500	;工序4结束时间
15				;工序5在设备上的顺序
20250307195000	;工序5开始时间
20250307203300	;工序5结束时间
18				;序号
15166400			;PONO
200			;浇次号
7				;浇次分割号
00K6B2R2C2			;路径
0				;钢包早到时间
17				;工序1在设备上的顺序
00000000000000	;工序1开始时间
00000000000000	;工序1结束时间
8				;工序2在设备上的顺序
20250307145500	;工序2开始时间
20250307145500	;工序2结束时间
5				;工序3在设备上的顺序
20250307180600	;工序3开始时间
20250307184800	;工序3结束时间
6				;工序4在设备上的顺序
20250307192500	;工序4开始时间
20250307200100	;工序4结束时间
6				;工序5在设备上的顺序
20250307202600	;工序5开始时间
20250307211200	;工序5结束时间
19				;序号
15166401			;PONO
200			;浇次号
8				;浇次分割号
00K5B1R2C2			;路径
0				;钢包早到时间
18				;工序1在设备上的顺序
00000000000000	;工序1开始时间
00000000000000	;工序1结束时间
3				;工序2在设备上的顺序
20250307145500	;工序2开始时间
20250307145500	;工序2结束时间
5				;工序3在设备上的顺序
20250307190800	;工序3开始时间
20250307195700	;工序3结束时间
7				;工序4在设备上的顺序
20250307201500	;工序4开始时间
20250307205100	;工序4结束时间
7				;工序5在设备上的顺序
20250307211600	;工序5开始时间
20250307220900	;工序5结束时间
20				;序号
15166403			;PONO
200			;浇次号
9				;浇次分割号
00K5B1R2C2			;路径
0				;钢包早到时间
19				;工序1在设备上的顺序
00000000000000	;工序1开始时间
00000000000000	;工序1结束时间
4				;工序2在设备上的顺序
20250307145500	;工序2开始时间
20250307145500	;工序2结束时间
7				;工序3在设备上的顺序
20250307205100	;工序3开始时间
20250307214200	;工序3结束时间
14				;工序4在设备上的顺序
20250307223500	;工序4开始时间
20250307231000	;工序4结束时间
14				;工序5在设备上的顺序
20250307233500	;工序5开始时间
20250308002000	;工序5结束时间
21				;序号
15166395			;PONO
200			;浇次号
10				;浇次分割号
00K7B2R2C2			;路径
0				;钢包早到时间
20				;工序1在设备上的顺序
00000000000000	;工序1开始时间
00000000000000	;工序1结束时间
0				;工序2在设备上的顺序
20250307145500	;工序2开始时间
20250307145500	;工序2结束时间
4				;工序3在设备上的顺序
20250307145500	;工序3开始时间
20250307154100	;工序3结束时间
11				;工序4在设备上的顺序
20250307155600	;工序4开始时间
20250307163200	;工序4结束时间
11				;工序5在设备上的顺序
20250307165700	;工序5开始时间
20250307173900	;工序5结束时间
22				;序号
15166396			;PONO
200			;浇次号
11				;浇次分割号
00K7B3R2C2			;路径
0				;钢包早到时间
21				;工序1在设备上的顺序
00000000000000	;工序1开始时间
00000000000000	;工序1结束时间
1				;工序2在设备上的顺序
20250307145500	;工序2开始时间
20250307145500	;工序2结束时间
6				;工序3在设备上的顺序
20250307220000	;工序3开始时间
20250307224600	;工序3结束时间
3				;工序4在设备上的顺序
20250307234300	;工序4开始时间
20250308001700	;工序4结束时间
3				;工序5在设备上的顺序
20250308004200	;工序5开始时间
20250308012900	;工序5结束时间
23				;序号
15166397			;PONO
200			;浇次号
12				;浇次分割号
00K8B1R2C2			;路径
0				;钢包早到时间
22				;工序1在设备上的顺序
00000000000000	;工序1开始时间
00000000000000	;工序1结束时间
6				;工序2在设备上的顺序
20250307145500	;工序2开始时间
20250307145500	;工序2结束时间
6				;工序3在设备上的顺序
20250307195900	;工序3开始时间
20250307205100	;工序3结束时间
8				;工序4在设备上的顺序
20250307212400	;工序4开始时间
20250307220000	;工序4结束时间
8				;工序5在设备上的顺序
20250307222500	;工序5开始时间
20250307231300	;工序5结束时间
24				;序号
15166407			;PONO
200			;浇次号
13				;浇次分割号
00K5B1R2C2			;路径
0				;钢包早到时间
23				;工序1在设备上的顺序
00000000000000	;工序1开始时间
00000000000000	;工序1结束时间
5				;工序2在设备上的顺序
20250307145500	;工序2开始时间
20250307145500	;工序2结束时间
3				;工序3在设备上的顺序
20250307155600	;工序3开始时间
20250307164400	;工序3结束时间
1				;工序4在设备上的顺序
20250307170500	;工序4开始时间
20250307173800	;工序4结束时间
1				;工序5在设备上的顺序
20250307180300	;工序5开始时间
20250307184600	;工序5结束时间
25				;序号
15166408			;PONO
200			;浇次号
14				;浇次分割号
00K6B2R2C2			;路径
0				;钢包早到时间
24				;工序1在设备上的顺序
00000000000000	;工序1开始时间
00000000000000	;工序1结束时间
9				;工序2在设备上的顺序
20250307145500	;工序2开始时间
20250307145500	;工序2结束时间
6				;工序3在设备上的顺序
20250307163100	;工序3开始时间
20250307171900	;工序3结束时间
10				;工序4在设备上的顺序
20250307173800	;工序4开始时间
20250307181100	;工序4结束时间
10				;工序5在设备上的顺序
20250307183600	;工序5开始时间
20250307191900	;工序5结束时间
26				;序号
15166398			;PONO
200			;浇次号
15				;浇次分割号
00K8B3R2C2			;路径
0				;钢包早到时间
25				;工序1在设备上的顺序
00000000000000	;工序1开始时间
00000000000000	;工序1结束时间
7				;工序2在设备上的顺序
20250307145500	;工序2开始时间
20250307145500	;工序2结束时间
1				;工序3在设备上的顺序
20250307192900	;工序3开始时间
20250307202000	;工序3结束时间
4				;工序4在设备上的顺序
20250307205100	;工序4开始时间
20250307212400	;工序4结束时间
4				;工序5在设备上的顺序
20250307214900	;工序5开始时间
20250307223500	;工序5结束时间
27				;序号
15166494			;PONO
201			;浇次号
1				;浇次分割号
00K6B3R2L5C2			;路径
0				;钢包早到时间
26				;工序1在设备上的顺序
00000000000000	;工序1开始时间
00000000000000	;工序1结束时间
10				;工序2在设备上的顺序
20250307145500	;工序2开始时间
20250307145500	;工序2结束时间
3				;工序3在设备上的顺序
20250307170200	;工序3开始时间
20250307173800	;工序3结束时间
2				;工序4在设备上的顺序
20250307181100	;工序4开始时间
20250307184500	;工序4结束时间
0				;工序5在设备上的顺序
20250307185500	;工序5开始时间
20250307195300	;工序5结束时间
2				;工序6在设备上的顺序
20250307201500	;工序6开始时间
20250307205800	;工序6结束时间
28				;序号
15414916			;PONO
300			;浇次号
1				;浇次分割号
00K5B3R4C3			;路径
0				;钢包早到时间
27				;工序1在设备上的顺序
00000000000000	;工序1开始时间
00000000000000	;工序1结束时间
6				;工序2在设备上的顺序
20250307145500	;工序2开始时间
20250307145500	;工序2结束时间
5				;工序3在设备上的顺序
20250307161600	;工序3开始时间
20250307170200	;工序3结束时间
0				;工序4在设备上的顺序
20250307172400	;工序4开始时间
20250307180300	;工序4结束时间
0				;工序5在设备上的顺序
20250307182800	;工序5开始时间
20250307191100	;工序5结束时间
